26/06/2023 19:29:01 - root - INFO - Retrying... (Attempt 1/3)
26/06/2023 19:29:21 - root - WARNING - Failed to enable schema validation: Parsing of collection validator failed :: caused by :: $jsonSchema type 'integer' is not currently supported., full error: {'ok': 0.0, 'errmsg': "Parsing of collection validator failed :: caused by :: $jsonSchema type 'integer' is not currently supported.", 'code': 9, 'codeName': 'FailedToParse'}
26/06/2023 19:40:25 - root - INFO - Retrying... (Attempt 1/3)
26/06/2023 19:40:25 - root - WARNING - Failed to enable schema validation: Parsing of collection validator failed :: caused by :: Unknown $jsonSchema keyword: bsontype, full error: {'ok': 0.0, 'errmsg': 'Parsing of collection validator failed :: caused by :: Unknown $jsonSchema keyword: bsontype', 'code': 9, 'codeName': 'FailedToParse'}
26/06/2023 19:54:51 - root - INFO - Retrying... (Attempt 1/3)
26/06/2023 19:54:51 - root - WARNING - Failed to enable schema validation: Parsing of collection validator failed :: caused by :: Unknown $jsonSchema keyword: bsontype, full error: {'ok': 0.0, 'errmsg': 'Parsing of collection validator failed :: caused by :: Unknown $jsonSchema keyword: bsontype', 'code': 9, 'codeName': 'FailedToParse'}
26/06/2023 19:59:53 - root - INFO - Retrying... (Attempt 1/3)
26/06/2023 20:00:40 - root - INFO - Retrying... (Attempt 1/3)
26/06/2023 20:00:55 - root - INFO - Retrying... (Attempt 1/3)
26/06/2023 20:00:55 - root - WARNING - Failed to enable schema validation: Parsing of collection validator failed :: caused by :: Unknown $jsonSchema keyword: bsontype, full error: {'ok': 0.0, 'errmsg': 'Parsing of collection validator failed :: caused by :: Unknown $jsonSchema keyword: bsontype', 'code': 9, 'codeName': 'FailedToParse'}
26/06/2023 20:02:13 - root - WARNING - Failed to enable schema validation: Parsing of collection validator failed :: caused by :: Unknown $jsonSchema keyword: bsontype, full error: {'ok': 0.0, 'errmsg': 'Parsing of collection validator failed :: caused by :: Unknown $jsonSchema keyword: bsontype', 'code': 9, 'codeName': 'FailedToParse'}
26/06/2023 20:03:29 - root - WARNING - Failed to enable schema validation: Parsing of collection validator failed :: caused by :: Unknown $jsonSchema keyword: bsontype, full error: {'ok': 0.0, 'errmsg': 'Parsing of collection validator failed :: caused by :: Unknown $jsonSchema keyword: bsontype', 'code': 9, 'codeName': 'FailedToParse'}
26/06/2023 20:03:39 - root - WARNING - Failed to enable schema validation: Parsing of collection validator failed :: caused by :: Unknown $jsonSchema keyword: bsontype, full error: {'ok': 0.0, 'errmsg': 'Parsing of collection validator failed :: caused by :: Unknown $jsonSchema keyword: bsontype', 'code': 9, 'codeName': 'FailedToParse'}
26/06/2023 20:03:40 - root - WARNING - Failed to enable schema validation: Parsing of collection validator failed :: caused by :: Unknown $jsonSchema keyword: bsontype, full error: {'ok': 0.0, 'errmsg': 'Parsing of collection validator failed :: caused by :: Unknown $jsonSchema keyword: bsontype', 'code': 9, 'codeName': 'FailedToParse'}
26/06/2023 20:03:40 - root - WARNING - Failed to enable schema validation: Parsing of collection validator failed :: caused by :: Unknown $jsonSchema keyword: bsontype, full error: {'ok': 0.0, 'errmsg': 'Parsing of collection validator failed :: caused by :: Unknown $jsonSchema keyword: bsontype', 'code': 9, 'codeName': 'FailedToParse'}
26/06/2023 20:03:40 - root - WARNING - Failed to enable schema validation: Parsing of collection validator failed :: caused by :: Unknown $jsonSchema keyword: bsontype, full error: {'ok': 0.0, 'errmsg': 'Parsing of collection validator failed :: caused by :: Unknown $jsonSchema keyword: bsontype', 'code': 9, 'codeName': 'FailedToParse'}
26/06/2023 20:16:40 - root - WARNING - Failed to enable schema validation: Parsing of collection validator failed :: caused by :: Unknown $jsonSchema keyword: maximu, full error: {'ok': 0.0, 'errmsg': 'Parsing of collection validator failed :: caused by :: Unknown $jsonSchema keyword: maximu', 'code': 9, 'codeName': 'FailedToParse'}
26/06/2023 20:17:51 - root - INFO - Validation rule created
26/06/2023 20:52:34 - root - INFO - Inserted document 6499d062c64b1a788351cba7
26/06/2023 20:52:35 - root - INFO - Inserted document 6499d063c64b1a788351cba8
26/06/2023 20:52:36 - root - INFO - Inserted document 6499d064c64b1a788351cba9
26/06/2023 20:52:37 - root - INFO - Inserted document 6499d065c64b1a788351cbaa
26/06/2023 20:52:38 - root - INFO - Inserted document 6499d066c64b1a788351cbab
26/06/2023 20:52:39 - root - INFO - Inserted document 6499d067c64b1a788351cbac
26/06/2023 20:52:41 - root - INFO - Inserted document 6499d069c64b1a788351cbad
26/06/2023 20:52:42 - root - INFO - Inserted document 6499d06ac64b1a788351cbae
26/06/2023 20:52:43 - root - INFO - Inserted document 6499d06bc64b1a788351cbaf
26/06/2023 20:52:44 - root - INFO - Inserted document 6499d06cc64b1a788351cbb0
26/06/2023 20:52:45 - root - INFO - Inserted document 6499d06dc64b1a788351cbb1
26/06/2023 20:52:46 - root - INFO - Inserted document 6499d06ec64b1a788351cbb2
26/06/2023 20:52:47 - root - INFO - Inserted document 6499d06fc64b1a788351cbb3
26/06/2023 20:52:48 - root - INFO - Inserted document 6499d070c64b1a788351cbb4
26/06/2023 20:52:49 - root - INFO - Inserted document 6499d071c64b1a788351cbb5
26/06/2023 20:52:50 - root - INFO - Inserted document 6499d072c64b1a788351cbb6
26/06/2023 20:52:51 - root - INFO - Inserted document 6499d073c64b1a788351cbb7
26/06/2023 20:52:52 - root - INFO - Inserted document 6499d074c64b1a788351cbb8
26/06/2023 20:52:53 - root - INFO - Inserted document 6499d075c64b1a788351cbb9
26/06/2023 20:52:54 - root - INFO - Inserted document 6499d076c64b1a788351cbba
26/06/2023 20:52:55 - root - INFO - Inserted document 6499d077c64b1a788351cbbb
26/06/2023 20:52:56 - root - INFO - Inserted document 6499d078c64b1a788351cbbc
26/06/2023 20:52:57 - root - INFO - Inserted document 6499d079c64b1a788351cbbd
26/06/2023 20:52:58 - root - INFO - Inserted document 6499d07ac64b1a788351cbbe
26/06/2023 20:52:59 - root - INFO - Inserted document 6499d07bc64b1a788351cbbf
26/06/2023 20:53:00 - root - INFO - Inserted document 6499d07cc64b1a788351cbc0
26/06/2023 20:53:01 - root - INFO - Inserted document 6499d07dc64b1a788351cbc1
26/06/2023 20:53:02 - root - INFO - Inserted document 6499d07ec64b1a788351cbc2
26/06/2023 20:53:03 - root - INFO - Inserted document 6499d07fc64b1a788351cbc3
26/06/2023 20:53:04 - root - INFO - Inserted document 6499d080c64b1a788351cbc4
26/06/2023 20:53:05 - root - INFO - Inserted document 6499d081c64b1a788351cbc5
26/06/2023 20:53:06 - root - INFO - Inserted document 6499d082c64b1a788351cbc6
26/06/2023 20:53:07 - root - INFO - Inserted document 6499d083c64b1a788351cbc7
26/06/2023 20:53:08 - root - INFO - Inserted document 6499d084c64b1a788351cbc8
26/06/2023 20:53:10 - root - INFO - Inserted document 6499d086c64b1a788351cbc9
26/06/2023 20:53:11 - root - INFO - Inserted document 6499d087c64b1a788351cbca
26/06/2023 20:53:12 - root - INFO - Inserted document 6499d088c64b1a788351cbcb
26/06/2023 20:53:12 - root - INFO - Inserted document 6499d088c64b1a788351cbcc
26/06/2023 20:53:13 - root - INFO - Inserted document 6499d089c64b1a788351cbcd
26/06/2023 20:53:14 - root - INFO - Inserted document 6499d08ac64b1a788351cbce
26/06/2023 20:53:15 - root - INFO - Inserted document 6499d08bc64b1a788351cbcf
26/06/2023 20:53:16 - root - INFO - Inserted document 6499d08cc64b1a788351cbd0
26/06/2023 20:53:18 - root - INFO - Inserted document 6499d08ec64b1a788351cbd1
26/06/2023 20:53:19 - root - INFO - Inserted document 6499d08fc64b1a788351cbd2
26/06/2023 20:53:20 - root - INFO - Inserted document 6499d090c64b1a788351cbd3
26/06/2023 20:53:21 - root - INFO - Inserted document 6499d091c64b1a788351cbd4
26/06/2023 20:53:22 - root - INFO - Inserted document 6499d092c64b1a788351cbd5
26/06/2023 20:53:24 - root - INFO - Inserted document 6499d094c64b1a788351cbd6
26/06/2023 20:53:25 - root - INFO - Inserted document 6499d095c64b1a788351cbd7
26/06/2023 20:53:26 - root - INFO - Inserted document 6499d096c64b1a788351cbd8
26/06/2023 20:53:27 - root - INFO - Inserted document 6499d097c64b1a788351cbd9
26/06/2023 20:53:28 - root - INFO - Inserted document 6499d098c64b1a788351cbda
26/06/2023 20:53:29 - root - INFO - Inserted document 6499d099c64b1a788351cbdb
26/06/2023 20:53:30 - root - INFO - Inserted document 6499d09ac64b1a788351cbdc
26/06/2023 20:53:32 - root - INFO - Inserted document 6499d09cc64b1a788351cbdd
26/06/2023 20:53:33 - root - INFO - Inserted document 6499d09dc64b1a788351cbde
26/06/2023 20:53:34 - root - INFO - Inserted document 6499d09ec64b1a788351cbdf
26/06/2023 20:53:35 - root - INFO - Inserted document 6499d09fc64b1a788351cbe0
26/06/2023 20:53:36 - root - INFO - Inserted document 6499d0a0c64b1a788351cbe1
26/06/2023 20:53:37 - root - INFO - Inserted document 6499d0a1c64b1a788351cbe2
26/06/2023 20:53:39 - root - INFO - Inserted document 6499d0a3c64b1a788351cbe3
26/06/2023 20:53:40 - root - INFO - Inserted document 6499d0a4c64b1a788351cbe4
26/06/2023 20:53:41 - root - INFO - Inserted document 6499d0a5c64b1a788351cbe5
26/06/2023 20:53:42 - root - INFO - Inserted document 6499d0a6c64b1a788351cbe6
26/06/2023 20:53:43 - root - INFO - Inserted document 6499d0a7c64b1a788351cbe7
26/06/2023 20:53:44 - root - INFO - Inserted document 6499d0a8c64b1a788351cbe8
26/06/2023 20:53:45 - root - INFO - Inserted document 6499d0a9c64b1a788351cbe9
26/06/2023 20:53:46 - root - INFO - Inserted document 6499d0aac64b1a788351cbea
26/06/2023 20:53:47 - root - INFO - Inserted document 6499d0abc64b1a788351cbeb
26/06/2023 20:53:48 - root - INFO - Inserted document 6499d0acc64b1a788351cbec
26/06/2023 20:53:49 - root - INFO - Inserted document 6499d0adc64b1a788351cbed
26/06/2023 20:53:50 - root - INFO - Inserted document 6499d0aec64b1a788351cbee
26/06/2023 20:53:52 - root - INFO - Inserted document 6499d0b0c64b1a788351cbef
26/06/2023 20:53:53 - root - INFO - Inserted document 6499d0b1c64b1a788351cbf0
26/06/2023 20:53:54 - root - INFO - Inserted document 6499d0b2c64b1a788351cbf1
26/06/2023 20:53:55 - root - INFO - Inserted document 6499d0b3c64b1a788351cbf2
26/06/2023 20:53:56 - root - INFO - Inserted document 6499d0b4c64b1a788351cbf3
26/06/2023 20:53:57 - root - INFO - Inserted document 6499d0b5c64b1a788351cbf4
26/06/2023 20:53:58 - root - INFO - Inserted document 6499d0b6c64b1a788351cbf5
26/06/2023 20:53:59 - root - INFO - Inserted document 6499d0b7c64b1a788351cbf6
26/06/2023 20:54:00 - root - INFO - Inserted document 6499d0b8c64b1a788351cbf7
26/06/2023 20:54:01 - root - INFO - Inserted document 6499d0b9c64b1a788351cbf8
26/06/2023 20:54:02 - root - INFO - Inserted document 6499d0bac64b1a788351cbf9
26/06/2023 20:54:03 - root - INFO - Inserted document 6499d0bbc64b1a788351cbfa
26/06/2023 20:54:04 - root - INFO - Inserted document 6499d0bcc64b1a788351cbfb
26/06/2023 20:54:05 - root - INFO - Inserted document 6499d0bdc64b1a788351cbfc
26/06/2023 20:54:06 - root - INFO - Inserted document 6499d0bec64b1a788351cbfd
26/06/2023 20:54:07 - root - INFO - Inserted document 6499d0bfc64b1a788351cbfe
26/06/2023 20:54:08 - root - INFO - Inserted document 6499d0c0c64b1a788351cbff
26/06/2023 20:54:09 - root - INFO - Inserted document 6499d0c1c64b1a788351cc00
26/06/2023 20:54:10 - root - INFO - Inserted document 6499d0c2c64b1a788351cc01
26/06/2023 20:54:11 - root - INFO - Inserted document 6499d0c3c64b1a788351cc02
26/06/2023 20:54:12 - root - INFO - Inserted document 6499d0c4c64b1a788351cc03
26/06/2023 20:54:13 - root - INFO - Inserted document 6499d0c5c64b1a788351cc04
26/06/2023 20:54:14 - root - INFO - Inserted document 6499d0c6c64b1a788351cc05
26/06/2023 20:54:15 - root - INFO - Inserted document 6499d0c7c64b1a788351cc06
26/06/2023 20:54:16 - root - INFO - Inserted document 6499d0c8c64b1a788351cc07
26/06/2023 20:54:17 - root - INFO - Inserted document 6499d0c9c64b1a788351cc08
26/06/2023 20:54:18 - root - INFO - Inserted document 6499d0cac64b1a788351cc09
26/06/2023 20:54:19 - root - INFO - Inserted document 6499d0cbc64b1a788351cc0a
26/06/2023 20:54:20 - root - INFO - Inserted document 6499d0ccc64b1a788351cc0b
26/06/2023 20:54:21 - root - INFO - Inserted document 6499d0cdc64b1a788351cc0c
26/06/2023 20:54:22 - root - INFO - Inserted document 6499d0cec64b1a788351cc0d
26/06/2023 20:54:23 - root - INFO - Inserted document 6499d0cfc64b1a788351cc0e
26/06/2023 20:54:24 - root - INFO - Inserted document 6499d0d0c64b1a788351cc0f
26/06/2023 20:54:25 - root - INFO - Inserted document 6499d0d1c64b1a788351cc10
26/06/2023 20:54:26 - root - INFO - Inserted document 6499d0d2c64b1a788351cc11
26/06/2023 20:54:27 - root - INFO - Inserted document 6499d0d3c64b1a788351cc12
26/06/2023 20:54:28 - root - INFO - Inserted document 6499d0d4c64b1a788351cc13
26/06/2023 20:54:29 - root - INFO - Inserted document 6499d0d5c64b1a788351cc14
26/06/2023 20:54:30 - root - INFO - Inserted document 6499d0d6c64b1a788351cc15
26/06/2023 20:54:31 - root - INFO - Inserted document 6499d0d7c64b1a788351cc16
26/06/2023 20:54:32 - root - INFO - Inserted document 6499d0d8c64b1a788351cc17
26/06/2023 20:54:33 - root - INFO - Inserted document 6499d0d9c64b1a788351cc18
26/06/2023 20:54:34 - root - INFO - Inserted document 6499d0dac64b1a788351cc19
26/06/2023 20:54:35 - root - INFO - Inserted document 6499d0dbc64b1a788351cc1a
26/06/2023 20:54:36 - root - INFO - Inserted document 6499d0dcc64b1a788351cc1b
26/06/2023 20:54:37 - root - INFO - Inserted document 6499d0ddc64b1a788351cc1c
26/06/2023 20:54:38 - root - INFO - Inserted document 6499d0dec64b1a788351cc1d
26/06/2023 20:54:39 - root - INFO - Inserted document 6499d0dfc64b1a788351cc1e
26/06/2023 20:54:40 - root - INFO - Inserted document 6499d0e0c64b1a788351cc1f
26/06/2023 20:54:41 - root - INFO - Inserted document 6499d0e1c64b1a788351cc20
26/06/2023 20:54:42 - root - INFO - Inserted document 6499d0e2c64b1a788351cc21
26/06/2023 20:54:43 - root - INFO - Inserted document 6499d0e3c64b1a788351cc22
26/06/2023 20:54:44 - root - INFO - Inserted document 6499d0e4c64b1a788351cc23
26/06/2023 20:54:45 - root - INFO - Inserted document 6499d0e5c64b1a788351cc24
26/06/2023 20:54:47 - root - INFO - Inserted document 6499d0e7c64b1a788351cc25
26/06/2023 20:54:48 - root - INFO - Inserted document 6499d0e8c64b1a788351cc26
26/06/2023 20:54:49 - root - INFO - Inserted document 6499d0e9c64b1a788351cc27
26/06/2023 20:54:50 - root - INFO - Inserted document 6499d0eac64b1a788351cc28
26/06/2023 20:54:51 - root - INFO - Inserted document 6499d0ebc64b1a788351cc29
26/06/2023 20:54:52 - root - INFO - Inserted document 6499d0ecc64b1a788351cc2a
26/06/2023 20:54:54 - root - INFO - Inserted document 6499d0edc64b1a788351cc2b
26/06/2023 20:54:55 - root - INFO - Inserted document 6499d0efc64b1a788351cc2c
26/06/2023 20:54:56 - root - INFO - Inserted document 6499d0f0c64b1a788351cc2d
26/06/2023 20:54:57 - root - INFO - Inserted document 6499d0f1c64b1a788351cc2e
26/06/2023 20:54:58 - root - INFO - Inserted document 6499d0f2c64b1a788351cc2f
26/06/2023 20:54:59 - root - INFO - Inserted document 6499d0f3c64b1a788351cc30
26/06/2023 20:55:00 - root - INFO - Inserted document 6499d0f4c64b1a788351cc31
26/06/2023 20:55:01 - root - INFO - Inserted document 6499d0f5c64b1a788351cc32
26/06/2023 20:55:03 - root - INFO - Inserted document 6499d0f7c64b1a788351cc33
26/06/2023 20:55:04 - root - INFO - Inserted document 6499d0f8c64b1a788351cc34
26/06/2023 20:55:05 - root - INFO - Inserted document 6499d0f9c64b1a788351cc35
26/06/2023 20:55:06 - root - INFO - Inserted document 6499d0fac64b1a788351cc36
26/06/2023 20:55:07 - root - INFO - Inserted document 6499d0fbc64b1a788351cc37
26/06/2023 20:55:08 - root - INFO - Inserted document 6499d0fcc64b1a788351cc38
26/06/2023 20:55:09 - root - INFO - Inserted document 6499d0fdc64b1a788351cc39
26/06/2023 20:55:10 - root - INFO - Inserted document 6499d0fec64b1a788351cc3a
26/06/2023 20:55:11 - root - INFO - Inserted document 6499d0ffc64b1a788351cc3b
26/06/2023 20:55:12 - root - INFO - Inserted document 6499d100c64b1a788351cc3c
26/06/2023 20:55:13 - root - INFO - Inserted document 6499d101c64b1a788351cc3d
26/06/2023 20:55:14 - root - INFO - Inserted document 6499d102c64b1a788351cc3e
26/06/2023 20:55:15 - root - INFO - Inserted document 6499d103c64b1a788351cc3f
26/06/2023 20:55:16 - root - INFO - Inserted document 6499d104c64b1a788351cc40
26/06/2023 20:55:17 - root - INFO - Inserted document 6499d105c64b1a788351cc41
26/06/2023 20:55:18 - root - INFO - Inserted document 6499d106c64b1a788351cc42
26/06/2023 20:55:19 - root - INFO - Inserted document 6499d107c64b1a788351cc43
26/06/2023 20:55:21 - root - INFO - Inserted document 6499d109c64b1a788351cc44
26/06/2023 20:55:22 - root - INFO - Inserted document 6499d10ac64b1a788351cc45
26/06/2023 20:55:23 - root - INFO - Inserted document 6499d10bc64b1a788351cc46
26/06/2023 20:55:24 - root - INFO - Inserted document 6499d10cc64b1a788351cc47
26/06/2023 20:55:25 - root - INFO - Inserted document 6499d10dc64b1a788351cc48
26/06/2023 20:55:26 - root - INFO - Inserted document 6499d10ec64b1a788351cc49
26/06/2023 20:55:27 - root - INFO - Inserted document 6499d10fc64b1a788351cc4a
26/06/2023 20:55:28 - root - INFO - Inserted document 6499d110c64b1a788351cc4b
26/06/2023 20:55:29 - root - INFO - Inserted document 6499d111c64b1a788351cc4c
26/06/2023 20:55:30 - root - INFO - Inserted document 6499d112c64b1a788351cc4d
26/06/2023 20:55:31 - root - INFO - Inserted document 6499d113c64b1a788351cc4e
26/06/2023 20:55:32 - root - INFO - Inserted document 6499d114c64b1a788351cc4f
26/06/2023 20:55:33 - root - INFO - Inserted document 6499d115c64b1a788351cc50
26/06/2023 20:55:34 - root - INFO - Inserted document 6499d116c64b1a788351cc51
26/06/2023 20:55:35 - root - INFO - Inserted document 6499d117c64b1a788351cc52
26/06/2023 20:55:36 - root - INFO - Inserted document 6499d118c64b1a788351cc53
26/06/2023 20:55:38 - root - INFO - Inserted document 6499d11ac64b1a788351cc54
26/06/2023 20:55:39 - root - INFO - Inserted document 6499d11bc64b1a788351cc55
26/06/2023 20:55:40 - root - INFO - Inserted document 6499d11cc64b1a788351cc56
26/06/2023 20:55:41 - root - INFO - Inserted document 6499d11dc64b1a788351cc57
26/06/2023 20:55:42 - root - INFO - Inserted document 6499d11ec64b1a788351cc58
26/06/2023 20:55:43 - root - INFO - Inserted document 6499d11fc64b1a788351cc59
26/06/2023 20:55:44 - root - INFO - Inserted document 6499d120c64b1a788351cc5a
26/06/2023 20:55:45 - root - INFO - Inserted document 6499d121c64b1a788351cc5b
26/06/2023 20:55:46 - root - INFO - Inserted document 6499d122c64b1a788351cc5c
26/06/2023 20:55:48 - root - INFO - Inserted document 6499d124c64b1a788351cc5d
26/06/2023 20:55:49 - root - INFO - Inserted document 6499d125c64b1a788351cc5e
26/06/2023 20:55:50 - root - INFO - Inserted document 6499d126c64b1a788351cc5f
26/06/2023 20:55:51 - root - INFO - Inserted document 6499d127c64b1a788351cc60
26/06/2023 20:55:51 - root - INFO - Inserted document 6499d127c64b1a788351cc61
26/06/2023 20:55:53 - root - INFO - Inserted document 6499d129c64b1a788351cc62
26/06/2023 20:55:54 - root - INFO - Inserted document 6499d12ac64b1a788351cc63
26/06/2023 20:55:55 - root - INFO - Inserted document 6499d12bc64b1a788351cc64
26/06/2023 20:55:56 - root - INFO - Inserted document 6499d12cc64b1a788351cc65
26/06/2023 20:55:57 - root - INFO - Inserted document 6499d12dc64b1a788351cc66
26/06/2023 20:55:58 - root - INFO - Inserted document 6499d12ec64b1a788351cc67
26/06/2023 20:55:59 - root - INFO - Inserted document 6499d12fc64b1a788351cc68
26/06/2023 20:55:59 - root - INFO - Inserted document 6499d12fc64b1a788351cc69
26/06/2023 20:56:00 - root - INFO - Inserted document 6499d130c64b1a788351cc6a
26/06/2023 20:56:01 - root - INFO - Inserted document 6499d131c64b1a788351cc6b
26/06/2023 20:56:02 - root - INFO - Inserted document 6499d132c64b1a788351cc6c
26/06/2023 20:56:03 - root - INFO - Inserted document 6499d133c64b1a788351cc6d
26/06/2023 20:56:04 - root - INFO - Inserted document 6499d134c64b1a788351cc6e
26/06/2023 20:56:05 - root - INFO - Inserted document 6499d135c64b1a788351cc6f
26/06/2023 20:56:07 - root - INFO - Inserted document 6499d137c64b1a788351cc70
26/06/2023 20:56:08 - root - INFO - Inserted document 6499d138c64b1a788351cc71
26/06/2023 20:56:09 - root - INFO - Inserted document 6499d139c64b1a788351cc72
26/06/2023 20:56:10 - root - INFO - Inserted document 6499d13ac64b1a788351cc73
26/06/2023 20:56:11 - root - INFO - Inserted document 6499d13bc64b1a788351cc74
26/06/2023 20:56:12 - root - INFO - Inserted document 6499d13cc64b1a788351cc75
26/06/2023 20:56:13 - root - INFO - Inserted document 6499d13dc64b1a788351cc76
26/06/2023 20:56:14 - root - INFO - Inserted document 6499d13ec64b1a788351cc77
26/06/2023 20:56:15 - root - INFO - Inserted document 6499d13fc64b1a788351cc78
26/06/2023 20:56:16 - root - INFO - Inserted document 6499d140c64b1a788351cc79
26/06/2023 20:56:17 - root - INFO - Inserted document 6499d141c64b1a788351cc7a
26/06/2023 20:56:18 - root - INFO - Inserted document 6499d142c64b1a788351cc7b
26/06/2023 20:56:19 - root - INFO - Inserted document 6499d143c64b1a788351cc7c
26/06/2023 20:56:20 - root - INFO - Inserted document 6499d144c64b1a788351cc7d
26/06/2023 20:56:21 - root - INFO - Inserted document 6499d145c64b1a788351cc7e
26/06/2023 20:56:22 - root - INFO - Inserted document 6499d146c64b1a788351cc7f
26/06/2023 20:56:23 - root - INFO - Inserted document 6499d147c64b1a788351cc80
26/06/2023 20:56:24 - root - INFO - Inserted document 6499d148c64b1a788351cc81
26/06/2023 20:56:25 - root - INFO - Inserted document 6499d149c64b1a788351cc82
26/06/2023 20:56:26 - root - INFO - Inserted document 6499d14ac64b1a788351cc83
26/06/2023 20:56:27 - root - INFO - Inserted document 6499d14bc64b1a788351cc84
26/06/2023 20:56:28 - root - INFO - Inserted document 6499d14cc64b1a788351cc85
26/06/2023 20:56:29 - root - INFO - Inserted document 6499d14dc64b1a788351cc86
26/06/2023 20:56:30 - root - INFO - Inserted document 6499d14ec64b1a788351cc87
26/06/2023 20:56:31 - root - INFO - Inserted document 6499d14fc64b1a788351cc88
26/06/2023 20:56:32 - root - INFO - Inserted document 6499d150c64b1a788351cc89
26/06/2023 20:56:33 - root - INFO - Inserted document 6499d151c64b1a788351cc8a
26/06/2023 20:56:34 - root - INFO - Inserted document 6499d152c64b1a788351cc8b
26/06/2023 20:56:35 - root - INFO - Inserted document 6499d153c64b1a788351cc8c
26/06/2023 20:56:35 - root - INFO - Inserted document 6499d153c64b1a788351cc8d
26/06/2023 20:56:36 - root - INFO - Inserted document 6499d154c64b1a788351cc8e
26/06/2023 20:56:37 - root - INFO - Inserted document 6499d155c64b1a788351cc8f
26/06/2023 20:56:38 - root - INFO - Inserted document 6499d156c64b1a788351cc90
26/06/2023 20:56:39 - root - INFO - Inserted document 6499d157c64b1a788351cc91
26/06/2023 20:56:40 - root - INFO - Inserted document 6499d158c64b1a788351cc92
26/06/2023 20:56:41 - root - INFO - Inserted document 6499d159c64b1a788351cc93
26/06/2023 20:56:42 - root - INFO - Inserted document 6499d15ac64b1a788351cc94
26/06/2023 20:56:43 - root - INFO - Inserted document 6499d15bc64b1a788351cc95
26/06/2023 20:56:44 - root - INFO - Inserted document 6499d15cc64b1a788351cc96
26/06/2023 20:56:45 - root - INFO - Inserted document 6499d15dc64b1a788351cc97
26/06/2023 20:56:46 - root - INFO - Inserted document 6499d15ec64b1a788351cc98
26/06/2023 20:56:47 - root - INFO - Inserted document 6499d15fc64b1a788351cc99
26/06/2023 20:56:48 - root - INFO - Inserted document 6499d160c64b1a788351cc9a
26/06/2023 20:56:49 - root - INFO - Inserted document 6499d161c64b1a788351cc9b
26/06/2023 20:56:50 - root - INFO - Inserted document 6499d162c64b1a788351cc9c
26/06/2023 20:56:51 - root - INFO - Inserted document 6499d163c64b1a788351cc9d
26/06/2023 20:56:52 - root - INFO - Inserted document 6499d164c64b1a788351cc9e
26/06/2023 20:56:53 - root - INFO - Inserted document 6499d165c64b1a788351cc9f
26/06/2023 20:56:54 - root - INFO - Inserted document 6499d166c64b1a788351cca0
26/06/2023 20:56:55 - root - INFO - Inserted document 6499d167c64b1a788351cca1
26/06/2023 20:56:56 - root - INFO - Inserted document 6499d168c64b1a788351cca2
26/06/2023 20:56:57 - root - INFO - Inserted document 6499d169c64b1a788351cca3
26/06/2023 20:56:58 - root - INFO - Inserted document 6499d16ac64b1a788351cca4
26/06/2023 20:56:59 - root - INFO - Inserted document 6499d16bc64b1a788351cca5
26/06/2023 20:56:59 - root - INFO - Inserted document 6499d16bc64b1a788351cca6
26/06/2023 20:57:00 - root - INFO - Inserted document 6499d16cc64b1a788351cca7
26/06/2023 20:57:01 - root - INFO - Inserted document 6499d16dc64b1a788351cca8
26/06/2023 20:57:02 - root - INFO - Inserted document 6499d16ec64b1a788351cca9
26/06/2023 20:57:03 - root - INFO - Inserted document 6499d16fc64b1a788351ccaa
26/06/2023 20:57:04 - root - INFO - Inserted document 6499d170c64b1a788351ccab
26/06/2023 20:57:05 - root - INFO - Inserted document 6499d171c64b1a788351ccac
26/06/2023 20:57:06 - root - INFO - Inserted document 6499d172c64b1a788351ccad
26/06/2023 20:57:07 - root - INFO - Inserted document 6499d173c64b1a788351ccae
26/06/2023 20:57:08 - root - INFO - Inserted document 6499d174c64b1a788351ccaf
26/06/2023 20:57:09 - root - INFO - Inserted document 6499d175c64b1a788351ccb0
26/06/2023 20:57:10 - root - INFO - Inserted document 6499d176c64b1a788351ccb1
26/06/2023 20:57:11 - root - INFO - Inserted document 6499d177c64b1a788351ccb2
26/06/2023 20:57:12 - root - INFO - Inserted document 6499d178c64b1a788351ccb3
26/06/2023 20:57:13 - root - INFO - Inserted document 6499d179c64b1a788351ccb4
26/06/2023 20:57:14 - root - INFO - Inserted document 6499d17ac64b1a788351ccb5
26/06/2023 20:57:15 - root - INFO - Inserted document 6499d17bc64b1a788351ccb6
26/06/2023 20:57:16 - root - INFO - Inserted document 6499d17cc64b1a788351ccb7
26/06/2023 20:57:17 - root - INFO - Inserted document 6499d17dc64b1a788351ccb8
26/06/2023 20:57:18 - root - INFO - Inserted document 6499d17ec64b1a788351ccb9
26/06/2023 20:57:19 - root - INFO - Inserted document 6499d17fc64b1a788351ccba
26/06/2023 20:57:20 - root - INFO - Inserted document 6499d180c64b1a788351ccbb
26/06/2023 20:57:20 - root - INFO - Inserted document 6499d180c64b1a788351ccbc
26/06/2023 20:57:21 - root - INFO - Inserted document 6499d181c64b1a788351ccbd
26/06/2023 20:57:22 - root - INFO - Inserted document 6499d182c64b1a788351ccbe
26/06/2023 20:57:23 - root - INFO - Inserted document 6499d183c64b1a788351ccbf
26/06/2023 20:57:24 - root - INFO - Inserted document 6499d184c64b1a788351ccc0
26/06/2023 20:57:25 - root - INFO - Inserted document 6499d185c64b1a788351ccc1
26/06/2023 20:57:26 - root - INFO - Inserted document 6499d186c64b1a788351ccc2
26/06/2023 20:57:27 - root - INFO - Inserted document 6499d187c64b1a788351ccc3
26/06/2023 20:57:28 - root - INFO - Inserted document 6499d188c64b1a788351ccc4
26/06/2023 20:57:29 - root - INFO - Inserted document 6499d189c64b1a788351ccc5
26/06/2023 20:57:30 - root - INFO - Inserted document 6499d18ac64b1a788351ccc6
26/06/2023 20:57:31 - root - INFO - Inserted document 6499d18bc64b1a788351ccc7
26/06/2023 20:57:32 - root - INFO - Inserted document 6499d18cc64b1a788351ccc8
26/06/2023 20:57:33 - root - INFO - Inserted document 6499d18dc64b1a788351ccc9
26/06/2023 20:57:34 - root - INFO - Inserted document 6499d18ec64b1a788351ccca
26/06/2023 20:57:35 - root - INFO - Inserted document 6499d18fc64b1a788351cccb
26/06/2023 20:57:36 - root - INFO - Inserted document 6499d190c64b1a788351cccc
26/06/2023 20:57:37 - root - INFO - Inserted document 6499d191c64b1a788351cccd
26/06/2023 20:57:38 - root - INFO - Inserted document 6499d192c64b1a788351ccce
26/06/2023 20:57:39 - root - INFO - Inserted document 6499d193c64b1a788351cccf
26/06/2023 20:57:40 - root - INFO - Inserted document 6499d194c64b1a788351ccd0
26/06/2023 20:57:41 - root - INFO - Inserted document 6499d195c64b1a788351ccd1
26/06/2023 20:57:42 - root - INFO - Inserted document 6499d196c64b1a788351ccd2
26/06/2023 20:57:43 - root - INFO - Inserted document 6499d197c64b1a788351ccd3
26/06/2023 20:57:44 - root - INFO - Inserted document 6499d198c64b1a788351ccd4
26/06/2023 20:57:45 - root - INFO - Inserted document 6499d199c64b1a788351ccd5
26/06/2023 20:57:46 - root - INFO - Inserted document 6499d19ac64b1a788351ccd6
26/06/2023 20:57:46 - root - INFO - Inserted document 6499d19ac64b1a788351ccd7
26/06/2023 20:57:47 - root - INFO - Inserted document 6499d19bc64b1a788351ccd8
26/06/2023 20:57:48 - root - INFO - Inserted document 6499d19cc64b1a788351ccd9
26/06/2023 20:57:49 - root - INFO - Inserted document 6499d19dc64b1a788351ccda
26/06/2023 20:57:50 - root - INFO - Inserted document 6499d19ec64b1a788351ccdb
26/06/2023 20:57:51 - root - INFO - Inserted document 6499d19fc64b1a788351ccdc
26/06/2023 20:57:52 - root - INFO - Inserted document 6499d1a0c64b1a788351ccdd
26/06/2023 20:57:53 - root - INFO - Inserted document 6499d1a1c64b1a788351ccde
26/06/2023 20:57:54 - root - INFO - Inserted document 6499d1a2c64b1a788351ccdf
26/06/2023 20:57:55 - root - INFO - Inserted document 6499d1a3c64b1a788351cce0
26/06/2023 20:57:56 - root - INFO - Inserted document 6499d1a4c64b1a788351cce1
26/06/2023 20:57:57 - root - INFO - Inserted document 6499d1a5c64b1a788351cce2
26/06/2023 20:57:58 - root - INFO - Inserted document 6499d1a6c64b1a788351cce3
26/06/2023 20:57:59 - root - INFO - Inserted document 6499d1a7c64b1a788351cce4
26/06/2023 20:58:00 - root - INFO - Inserted document 6499d1a8c64b1a788351cce5
26/06/2023 20:58:01 - root - INFO - Inserted document 6499d1a9c64b1a788351cce6
26/06/2023 20:58:02 - root - INFO - Inserted document 6499d1aac64b1a788351cce7
26/06/2023 20:58:03 - root - INFO - Inserted document 6499d1abc64b1a788351cce8
26/06/2023 20:58:04 - root - INFO - Inserted document 6499d1acc64b1a788351cce9
26/06/2023 20:58:05 - root - INFO - Inserted document 6499d1adc64b1a788351ccea
26/06/2023 20:58:06 - root - INFO - Inserted document 6499d1aec64b1a788351cceb
26/06/2023 20:58:07 - root - INFO - Inserted document 6499d1afc64b1a788351ccec
26/06/2023 20:58:08 - root - INFO - Inserted document 6499d1b0c64b1a788351cced
26/06/2023 20:58:09 - root - INFO - Inserted document 6499d1b1c64b1a788351ccee
26/06/2023 20:58:10 - root - INFO - Inserted document 6499d1b2c64b1a788351ccef
26/06/2023 20:58:11 - root - INFO - Inserted document 6499d1b3c64b1a788351ccf0
26/06/2023 20:58:12 - root - INFO - Inserted document 6499d1b4c64b1a788351ccf1
26/06/2023 20:58:13 - root - INFO - Inserted document 6499d1b5c64b1a788351ccf2
26/06/2023 20:58:14 - root - INFO - Inserted document 6499d1b6c64b1a788351ccf3
26/06/2023 20:58:15 - root - INFO - Inserted document 6499d1b7c64b1a788351ccf4
26/06/2023 20:58:16 - root - INFO - Inserted document 6499d1b8c64b1a788351ccf5
26/06/2023 20:58:17 - root - INFO - Inserted document 6499d1b9c64b1a788351ccf6
26/06/2023 20:58:18 - root - INFO - Inserted document 6499d1bac64b1a788351ccf7
26/06/2023 20:58:19 - root - INFO - Inserted document 6499d1bbc64b1a788351ccf8
26/06/2023 20:58:20 - root - INFO - Inserted document 6499d1bcc64b1a788351ccf9
26/06/2023 20:58:20 - root - INFO - Inserted document 6499d1bcc64b1a788351ccfa
26/06/2023 20:58:21 - root - INFO - Inserted document 6499d1bdc64b1a788351ccfb
26/06/2023 20:58:22 - root - INFO - Inserted document 6499d1bec64b1a788351ccfc
26/06/2023 20:58:23 - root - INFO - Inserted document 6499d1bfc64b1a788351ccfd
26/06/2023 20:58:24 - root - INFO - Inserted document 6499d1c0c64b1a788351ccfe
26/06/2023 20:58:25 - root - INFO - Inserted document 6499d1c1c64b1a788351ccff
26/06/2023 20:58:26 - root - INFO - Inserted document 6499d1c2c64b1a788351cd00
26/06/2023 20:58:27 - root - INFO - Inserted document 6499d1c3c64b1a788351cd01
26/06/2023 20:58:28 - root - INFO - Inserted document 6499d1c4c64b1a788351cd02
26/06/2023 20:58:29 - root - INFO - Inserted document 6499d1c5c64b1a788351cd03
26/06/2023 20:58:30 - root - INFO - Inserted document 6499d1c6c64b1a788351cd04
26/06/2023 20:58:31 - root - INFO - Inserted document 6499d1c7c64b1a788351cd05
26/06/2023 20:58:32 - root - INFO - Inserted document 6499d1c8c64b1a788351cd06
26/06/2023 20:58:33 - root - INFO - Inserted document 6499d1c9c64b1a788351cd07
26/06/2023 20:58:34 - root - INFO - Inserted document 6499d1cac64b1a788351cd08
26/06/2023 20:58:35 - root - INFO - Inserted document 6499d1cbc64b1a788351cd09
26/06/2023 20:58:36 - root - INFO - Inserted document 6499d1ccc64b1a788351cd0a
26/06/2023 20:58:37 - root - INFO - Inserted document 6499d1cdc64b1a788351cd0b
26/06/2023 20:58:38 - root - INFO - Inserted document 6499d1cec64b1a788351cd0c
26/06/2023 20:58:39 - root - INFO - Inserted document 6499d1cfc64b1a788351cd0d
26/06/2023 20:58:40 - root - INFO - Inserted document 6499d1d0c64b1a788351cd0e
26/06/2023 20:58:40 - root - INFO - Inserted document 6499d1d0c64b1a788351cd0f
26/06/2023 20:58:41 - root - INFO - Inserted document 6499d1d1c64b1a788351cd10
26/06/2023 20:58:42 - root - INFO - Inserted document 6499d1d2c64b1a788351cd11
26/06/2023 20:58:43 - root - INFO - Inserted document 6499d1d3c64b1a788351cd12
26/06/2023 20:58:44 - root - INFO - Inserted document 6499d1d4c64b1a788351cd13
26/06/2023 20:58:45 - root - INFO - Inserted document 6499d1d5c64b1a788351cd14
26/06/2023 20:58:46 - root - INFO - Inserted document 6499d1d6c64b1a788351cd15
26/06/2023 20:58:47 - root - INFO - Inserted document 6499d1d7c64b1a788351cd16
26/06/2023 20:58:48 - root - INFO - Inserted document 6499d1d8c64b1a788351cd17
26/06/2023 20:58:49 - root - INFO - Inserted document 6499d1d9c64b1a788351cd18
26/06/2023 20:58:50 - root - INFO - Inserted document 6499d1dac64b1a788351cd19
26/06/2023 20:58:51 - root - INFO - Inserted document 6499d1dbc64b1a788351cd1a
26/06/2023 20:58:52 - root - INFO - Inserted document 6499d1dcc64b1a788351cd1b
26/06/2023 20:58:53 - root - INFO - Inserted document 6499d1ddc64b1a788351cd1c
26/06/2023 20:58:54 - root - INFO - Inserted document 6499d1dec64b1a788351cd1d
26/06/2023 20:58:55 - root - INFO - Inserted document 6499d1dfc64b1a788351cd1e
26/06/2023 20:58:56 - root - INFO - Inserted document 6499d1e0c64b1a788351cd1f
26/06/2023 20:58:57 - root - INFO - Inserted document 6499d1e1c64b1a788351cd20
26/06/2023 20:58:58 - root - INFO - Inserted document 6499d1e2c64b1a788351cd21
26/06/2023 20:58:59 - root - INFO - Inserted document 6499d1e3c64b1a788351cd22
26/06/2023 20:59:00 - root - INFO - Inserted document 6499d1e4c64b1a788351cd23
26/06/2023 20:59:01 - root - INFO - Inserted document 6499d1e5c64b1a788351cd24
26/06/2023 20:59:02 - root - INFO - Inserted document 6499d1e6c64b1a788351cd25
26/06/2023 20:59:02 - root - INFO - Inserted document 6499d1e6c64b1a788351cd26
26/06/2023 20:59:03 - root - INFO - Inserted document 6499d1e7c64b1a788351cd27
26/06/2023 20:59:04 - root - INFO - Inserted document 6499d1e8c64b1a788351cd28
26/06/2023 20:59:05 - root - INFO - Inserted document 6499d1e9c64b1a788351cd29
26/06/2023 20:59:06 - root - INFO - Inserted document 6499d1eac64b1a788351cd2a
26/06/2023 20:59:07 - root - INFO - Inserted document 6499d1ebc64b1a788351cd2b
26/06/2023 20:59:08 - root - INFO - Inserted document 6499d1ecc64b1a788351cd2c
26/06/2023 20:59:09 - root - INFO - Inserted document 6499d1edc64b1a788351cd2d
26/06/2023 20:59:10 - root - INFO - Inserted document 6499d1eec64b1a788351cd2e
26/06/2023 20:59:11 - root - INFO - Inserted document 6499d1efc64b1a788351cd2f
26/06/2023 20:59:12 - root - INFO - Inserted document 6499d1f0c64b1a788351cd30
26/06/2023 20:59:13 - root - INFO - Inserted document 6499d1f1c64b1a788351cd31
26/06/2023 20:59:14 - root - INFO - Inserted document 6499d1f2c64b1a788351cd32
26/06/2023 20:59:15 - root - INFO - Inserted document 6499d1f3c64b1a788351cd33
26/06/2023 20:59:16 - root - INFO - Inserted document 6499d1f4c64b1a788351cd34
26/06/2023 20:59:17 - root - INFO - Inserted document 6499d1f5c64b1a788351cd35
26/06/2023 20:59:18 - root - INFO - Inserted document 6499d1f6c64b1a788351cd36
26/06/2023 20:59:19 - root - INFO - Inserted document 6499d1f7c64b1a788351cd37
26/06/2023 20:59:20 - root - INFO - Inserted document 6499d1f8c64b1a788351cd38
26/06/2023 20:59:21 - root - INFO - Inserted document 6499d1f9c64b1a788351cd39
26/06/2023 20:59:22 - root - INFO - Inserted document 6499d1fac64b1a788351cd3a
26/06/2023 20:59:23 - root - INFO - Inserted document 6499d1fbc64b1a788351cd3b
26/06/2023 20:59:24 - root - INFO - Inserted document 6499d1fcc64b1a788351cd3c
26/06/2023 20:59:25 - root - INFO - Inserted document 6499d1fdc64b1a788351cd3d
26/06/2023 20:59:26 - root - INFO - Inserted document 6499d1fec64b1a788351cd3e
26/06/2023 20:59:27 - root - INFO - Inserted document 6499d1ffc64b1a788351cd3f
26/06/2023 20:59:28 - root - INFO - Inserted document 6499d200c64b1a788351cd40
26/06/2023 20:59:29 - root - INFO - Inserted document 6499d201c64b1a788351cd41
26/06/2023 20:59:30 - root - INFO - Inserted document 6499d202c64b1a788351cd42
26/06/2023 20:59:31 - root - INFO - Inserted document 6499d203c64b1a788351cd43
26/06/2023 20:59:32 - root - INFO - Inserted document 6499d204c64b1a788351cd44
26/06/2023 20:59:33 - root - INFO - Inserted document 6499d205c64b1a788351cd45
26/06/2023 20:59:34 - root - INFO - Inserted document 6499d206c64b1a788351cd46
26/06/2023 20:59:35 - root - INFO - Inserted document 6499d207c64b1a788351cd47
26/06/2023 20:59:36 - root - INFO - Inserted document 6499d208c64b1a788351cd48
26/06/2023 20:59:37 - root - INFO - Inserted document 6499d209c64b1a788351cd49
26/06/2023 20:59:38 - root - INFO - Inserted document 6499d20ac64b1a788351cd4a
26/06/2023 20:59:39 - root - INFO - Inserted document 6499d20bc64b1a788351cd4b
26/06/2023 20:59:40 - root - INFO - Inserted document 6499d20cc64b1a788351cd4c
26/06/2023 20:59:40 - root - INFO - Inserted document 6499d20cc64b1a788351cd4d
26/06/2023 20:59:42 - root - INFO - Inserted document 6499d20ec64b1a788351cd4e
26/06/2023 20:59:43 - root - INFO - Inserted document 6499d20fc64b1a788351cd4f
26/06/2023 20:59:44 - root - INFO - Inserted document 6499d210c64b1a788351cd50
26/06/2023 20:59:45 - root - INFO - Inserted document 6499d211c64b1a788351cd51
26/06/2023 20:59:46 - root - INFO - Inserted document 6499d212c64b1a788351cd52
26/06/2023 20:59:46 - root - INFO - Inserted document 6499d212c64b1a788351cd53
26/06/2023 20:59:47 - root - INFO - Inserted document 6499d213c64b1a788351cd54
26/06/2023 20:59:48 - root - INFO - Inserted document 6499d214c64b1a788351cd55
26/06/2023 20:59:49 - root - INFO - Inserted document 6499d215c64b1a788351cd56
26/06/2023 20:59:50 - root - INFO - Inserted document 6499d216c64b1a788351cd57
26/06/2023 20:59:51 - root - INFO - Inserted document 6499d217c64b1a788351cd58
26/06/2023 20:59:51 - root - INFO - Inserted document 6499d217c64b1a788351cd59
26/06/2023 20:59:52 - root - INFO - Inserted document 6499d218c64b1a788351cd5a
26/06/2023 20:59:53 - root - INFO - Inserted document 6499d219c64b1a788351cd5b
26/06/2023 20:59:54 - root - INFO - Inserted document 6499d21ac64b1a788351cd5c
26/06/2023 20:59:55 - root - INFO - Inserted document 6499d21bc64b1a788351cd5d
26/06/2023 20:59:56 - root - INFO - Inserted document 6499d21cc64b1a788351cd5e
26/06/2023 20:59:56 - root - INFO - Inserted document 6499d21cc64b1a788351cd5f
26/06/2023 20:59:57 - root - INFO - Inserted document 6499d21dc64b1a788351cd60
26/06/2023 20:59:58 - root - INFO - Inserted document 6499d21ec64b1a788351cd61
26/06/2023 20:59:59 - root - INFO - Inserted document 6499d21fc64b1a788351cd62
26/06/2023 21:00:00 - root - INFO - Inserted document 6499d220c64b1a788351cd63
26/06/2023 21:00:00 - root - INFO - Inserted document 6499d220c64b1a788351cd64
26/06/2023 21:00:01 - root - INFO - Inserted document 6499d221c64b1a788351cd65
26/06/2023 21:00:02 - root - INFO - Inserted document 6499d222c64b1a788351cd66
26/06/2023 21:00:03 - root - INFO - Inserted document 6499d223c64b1a788351cd67
26/06/2023 21:00:03 - root - INFO - Inserted document 6499d223c64b1a788351cd68
26/06/2023 21:00:04 - root - INFO - Inserted document 6499d224c64b1a788351cd69
26/06/2023 21:00:05 - root - INFO - Inserted document 6499d225c64b1a788351cd6a
26/06/2023 21:00:06 - root - INFO - Inserted document 6499d226c64b1a788351cd6b
26/06/2023 21:00:07 - root - INFO - Inserted document 6499d227c64b1a788351cd6c
26/06/2023 21:00:08 - root - INFO - Inserted document 6499d228c64b1a788351cd6d
26/06/2023 21:00:08 - root - INFO - Inserted document 6499d228c64b1a788351cd6e
26/06/2023 21:00:09 - root - INFO - Inserted document 6499d229c64b1a788351cd6f
26/06/2023 21:00:10 - root - INFO - Inserted document 6499d22ac64b1a788351cd70
26/06/2023 21:00:11 - root - INFO - Inserted document 6499d22bc64b1a788351cd71
26/06/2023 21:00:12 - root - INFO - Inserted document 6499d22cc64b1a788351cd72
26/06/2023 21:00:12 - root - INFO - Inserted document 6499d22cc64b1a788351cd73
26/06/2023 21:00:13 - root - INFO - Inserted document 6499d22dc64b1a788351cd74
26/06/2023 21:00:14 - root - INFO - Inserted document 6499d22ec64b1a788351cd75
26/06/2023 21:00:15 - root - INFO - Inserted document 6499d22fc64b1a788351cd76
26/06/2023 21:00:16 - root - INFO - Inserted document 6499d230c64b1a788351cd77
26/06/2023 21:00:17 - root - INFO - Inserted document 6499d231c64b1a788351cd78
26/06/2023 21:00:17 - root - INFO - Inserted document 6499d231c64b1a788351cd79
26/06/2023 21:00:18 - root - INFO - Inserted document 6499d232c64b1a788351cd7a
26/06/2023 21:00:19 - root - INFO - Inserted document 6499d233c64b1a788351cd7b
26/06/2023 21:00:20 - root - INFO - Inserted document 6499d234c64b1a788351cd7c
26/06/2023 21:00:21 - root - INFO - Inserted document 6499d235c64b1a788351cd7d
26/06/2023 21:00:22 - root - INFO - Inserted document 6499d236c64b1a788351cd7e
26/06/2023 21:00:22 - root - INFO - Inserted document 6499d236c64b1a788351cd7f
26/06/2023 21:00:23 - root - INFO - Inserted document 6499d237c64b1a788351cd80
26/06/2023 21:00:24 - root - INFO - Inserted document 6499d238c64b1a788351cd81
26/06/2023 21:00:25 - root - INFO - Inserted document 6499d239c64b1a788351cd82
26/06/2023 21:00:26 - root - INFO - Inserted document 6499d23ac64b1a788351cd83
26/06/2023 21:00:26 - root - INFO - Inserted document 6499d23ac64b1a788351cd84
26/06/2023 21:00:27 - root - INFO - Inserted document 6499d23bc64b1a788351cd85
26/06/2023 21:00:28 - root - INFO - Inserted document 6499d23cc64b1a788351cd86
26/06/2023 21:00:29 - root - INFO - Inserted document 6499d23dc64b1a788351cd87
26/06/2023 21:00:30 - root - INFO - Inserted document 6499d23ec64b1a788351cd88
26/06/2023 21:00:30 - root - INFO - Inserted document 6499d23ec64b1a788351cd89
26/06/2023 21:00:31 - root - INFO - Inserted document 6499d23fc64b1a788351cd8a
26/06/2023 21:00:32 - root - INFO - Inserted document 6499d240c64b1a788351cd8b
26/06/2023 21:00:33 - root - INFO - Inserted document 6499d241c64b1a788351cd8c
26/06/2023 21:00:34 - root - INFO - Inserted document 6499d242c64b1a788351cd8d
26/06/2023 21:00:35 - root - INFO - Inserted document 6499d243c64b1a788351cd8e
26/06/2023 21:00:35 - root - INFO - Inserted document 6499d243c64b1a788351cd8f
26/06/2023 21:00:36 - root - INFO - Inserted document 6499d244c64b1a788351cd90
26/06/2023 21:00:37 - root - INFO - Inserted document 6499d245c64b1a788351cd91
26/06/2023 21:00:38 - root - INFO - Inserted document 6499d246c64b1a788351cd92
26/06/2023 21:00:39 - root - INFO - Inserted document 6499d247c64b1a788351cd93
26/06/2023 21:00:40 - root - INFO - Inserted document 6499d248c64b1a788351cd94
26/06/2023 21:00:40 - root - INFO - Inserted document 6499d248c64b1a788351cd95
26/06/2023 21:00:41 - root - INFO - Inserted document 6499d249c64b1a788351cd96
26/06/2023 21:00:42 - root - INFO - Inserted document 6499d24ac64b1a788351cd97
26/06/2023 21:00:43 - root - INFO - Inserted document 6499d24bc64b1a788351cd98
26/06/2023 21:00:44 - root - INFO - Inserted document 6499d24cc64b1a788351cd99
26/06/2023 21:00:45 - root - INFO - Inserted document 6499d24dc64b1a788351cd9a
26/06/2023 21:00:46 - root - INFO - Inserted document 6499d24ec64b1a788351cd9b
26/06/2023 21:00:46 - root - INFO - Inserted document 6499d24ec64b1a788351cd9c
26/06/2023 21:00:47 - root - INFO - Inserted document 6499d24fc64b1a788351cd9d
26/06/2023 21:00:48 - root - INFO - Inserted document 6499d250c64b1a788351cd9e
26/06/2023 21:00:49 - root - INFO - Inserted document 6499d251c64b1a788351cd9f
26/06/2023 21:00:50 - root - INFO - Inserted document 6499d252c64b1a788351cda0
26/06/2023 21:00:51 - root - INFO - Inserted document 6499d253c64b1a788351cda1
26/06/2023 21:00:51 - root - INFO - Inserted document 6499d253c64b1a788351cda2
26/06/2023 21:00:52 - root - INFO - Inserted document 6499d254c64b1a788351cda3
26/06/2023 21:00:53 - root - INFO - Inserted document 6499d255c64b1a788351cda4
26/06/2023 21:00:54 - root - INFO - Inserted document 6499d256c64b1a788351cda5
26/06/2023 21:00:55 - root - INFO - Inserted document 6499d257c64b1a788351cda6
26/06/2023 21:00:55 - root - INFO - Inserted document 6499d257c64b1a788351cda7
26/06/2023 21:00:56 - root - INFO - Inserted document 6499d258c64b1a788351cda8
26/06/2023 21:00:57 - root - INFO - Inserted document 6499d259c64b1a788351cda9
26/06/2023 21:00:58 - root - INFO - Inserted document 6499d25ac64b1a788351cdaa
26/06/2023 21:00:59 - root - INFO - Inserted document 6499d25bc64b1a788351cdab
26/06/2023 21:01:00 - root - INFO - Inserted document 6499d25cc64b1a788351cdac
26/06/2023 21:01:00 - root - INFO - Inserted document 6499d25cc64b1a788351cdad
26/06/2023 21:01:01 - root - INFO - Inserted document 6499d25dc64b1a788351cdae
26/06/2023 21:01:02 - root - INFO - Inserted document 6499d25ec64b1a788351cdaf
26/06/2023 21:01:03 - root - INFO - Inserted document 6499d25fc64b1a788351cdb0
26/06/2023 21:01:04 - root - INFO - Inserted document 6499d260c64b1a788351cdb1
26/06/2023 21:01:04 - root - INFO - Inserted document 6499d260c64b1a788351cdb2
26/06/2023 21:01:05 - root - INFO - Inserted document 6499d261c64b1a788351cdb3
26/06/2023 21:01:06 - root - INFO - Inserted document 6499d262c64b1a788351cdb4
26/06/2023 21:01:07 - root - INFO - Inserted document 6499d263c64b1a788351cdb5
26/06/2023 21:01:08 - root - INFO - Inserted document 6499d264c64b1a788351cdb6
26/06/2023 21:01:08 - root - INFO - Inserted document 6499d264c64b1a788351cdb7
26/06/2023 21:01:09 - root - INFO - Inserted document 6499d265c64b1a788351cdb8
26/06/2023 21:01:10 - root - INFO - Inserted document 6499d266c64b1a788351cdb9
26/06/2023 21:01:11 - root - INFO - Inserted document 6499d267c64b1a788351cdba
26/06/2023 21:01:12 - root - INFO - Inserted document 6499d268c64b1a788351cdbb
26/06/2023 21:01:13 - root - INFO - Inserted document 6499d269c64b1a788351cdbc
26/06/2023 21:01:13 - root - INFO - Inserted document 6499d269c64b1a788351cdbd
26/06/2023 21:01:14 - root - INFO - Inserted document 6499d26ac64b1a788351cdbe
26/06/2023 21:01:15 - root - INFO - Inserted document 6499d26bc64b1a788351cdbf
26/06/2023 21:01:16 - root - INFO - Inserted document 6499d26cc64b1a788351cdc0
26/06/2023 21:01:17 - root - INFO - Inserted document 6499d26dc64b1a788351cdc1
26/06/2023 21:01:17 - root - INFO - Inserted document 6499d26dc64b1a788351cdc2
26/06/2023 21:01:18 - root - INFO - Inserted document 6499d26ec64b1a788351cdc3
26/06/2023 21:01:19 - root - INFO - Inserted document 6499d26fc64b1a788351cdc4
26/06/2023 21:01:20 - root - INFO - Inserted document 6499d270c64b1a788351cdc5
26/06/2023 21:01:21 - root - INFO - Inserted document 6499d271c64b1a788351cdc6
26/06/2023 21:01:22 - root - INFO - Inserted document 6499d272c64b1a788351cdc7
26/06/2023 21:01:22 - root - INFO - Inserted document 6499d272c64b1a788351cdc8
26/06/2023 21:01:23 - root - INFO - Inserted document 6499d273c64b1a788351cdc9
26/06/2023 21:01:24 - root - INFO - Inserted document 6499d274c64b1a788351cdca
26/06/2023 21:01:25 - root - INFO - Inserted document 6499d275c64b1a788351cdcb
26/06/2023 21:01:26 - root - INFO - Inserted document 6499d276c64b1a788351cdcc
26/06/2023 21:01:26 - root - INFO - Inserted document 6499d276c64b1a788351cdcd
26/06/2023 21:01:27 - root - INFO - Inserted document 6499d277c64b1a788351cdce
26/06/2023 21:01:28 - root - INFO - Inserted document 6499d278c64b1a788351cdcf
26/06/2023 21:01:29 - root - INFO - Inserted document 6499d279c64b1a788351cdd0
26/06/2023 21:01:30 - root - INFO - Inserted document 6499d27ac64b1a788351cdd1
26/06/2023 21:01:31 - root - INFO - Inserted document 6499d27bc64b1a788351cdd2
26/06/2023 21:01:31 - root - INFO - Inserted document 6499d27bc64b1a788351cdd3
26/06/2023 21:01:32 - root - INFO - Inserted document 6499d27cc64b1a788351cdd4
26/06/2023 21:01:33 - root - INFO - Inserted document 6499d27dc64b1a788351cdd5
26/06/2023 21:01:34 - root - INFO - Inserted document 6499d27ec64b1a788351cdd6
26/06/2023 21:01:35 - root - INFO - Inserted document 6499d27fc64b1a788351cdd7
26/06/2023 21:01:36 - root - INFO - Inserted document 6499d280c64b1a788351cdd8
26/06/2023 21:01:36 - root - INFO - Inserted document 6499d280c64b1a788351cdd9
26/06/2023 21:01:37 - root - INFO - Inserted document 6499d281c64b1a788351cdda
26/06/2023 21:01:38 - root - INFO - Inserted document 6499d282c64b1a788351cddb
26/06/2023 21:01:39 - root - INFO - Inserted document 6499d283c64b1a788351cddc
26/06/2023 21:01:40 - root - INFO - Inserted document 6499d284c64b1a788351cddd
26/06/2023 21:01:40 - root - INFO - Inserted document 6499d284c64b1a788351cdde
26/06/2023 21:01:41 - root - INFO - Inserted document 6499d285c64b1a788351cddf
26/06/2023 21:01:42 - root - INFO - Inserted document 6499d286c64b1a788351cde0
26/06/2023 21:01:43 - root - INFO - Inserted document 6499d287c64b1a788351cde1
26/06/2023 21:01:44 - root - INFO - Inserted document 6499d288c64b1a788351cde2
26/06/2023 21:01:45 - root - INFO - Inserted document 6499d289c64b1a788351cde3
26/06/2023 21:01:45 - root - INFO - Inserted document 6499d289c64b1a788351cde4
26/06/2023 21:01:46 - root - INFO - Inserted document 6499d28ac64b1a788351cde5
26/06/2023 21:01:47 - root - INFO - Inserted document 6499d28bc64b1a788351cde6
26/06/2023 21:01:48 - root - INFO - Inserted document 6499d28cc64b1a788351cde7
26/06/2023 21:01:49 - root - INFO - Inserted document 6499d28dc64b1a788351cde8
26/06/2023 21:01:49 - root - INFO - Inserted document 6499d28dc64b1a788351cde9
26/06/2023 21:01:50 - root - INFO - Inserted document 6499d28ec64b1a788351cdea
26/06/2023 21:01:51 - root - INFO - Inserted document 6499d28fc64b1a788351cdeb
26/06/2023 21:01:52 - root - INFO - Inserted document 6499d290c64b1a788351cdec
26/06/2023 21:01:53 - root - INFO - Inserted document 6499d291c64b1a788351cded
26/06/2023 21:01:54 - root - INFO - Inserted document 6499d292c64b1a788351cdee
26/06/2023 21:01:54 - root - INFO - Inserted document 6499d292c64b1a788351cdef
26/06/2023 21:01:55 - root - INFO - Inserted document 6499d293c64b1a788351cdf0
26/06/2023 21:01:56 - root - INFO - Inserted document 6499d294c64b1a788351cdf1
26/06/2023 21:01:57 - root - INFO - Inserted document 6499d295c64b1a788351cdf2
26/06/2023 21:01:58 - root - INFO - Inserted document 6499d296c64b1a788351cdf3
26/06/2023 21:01:58 - root - INFO - Inserted document 6499d296c64b1a788351cdf4
26/06/2023 21:01:59 - root - INFO - Inserted document 6499d297c64b1a788351cdf5
26/06/2023 21:02:00 - root - INFO - Inserted document 6499d298c64b1a788351cdf6
26/06/2023 21:02:01 - root - INFO - Inserted document 6499d299c64b1a788351cdf7
26/06/2023 21:02:02 - root - INFO - Inserted document 6499d29ac64b1a788351cdf8
26/06/2023 21:02:03 - root - INFO - Inserted document 6499d29bc64b1a788351cdf9
26/06/2023 21:02:03 - root - INFO - Inserted document 6499d29bc64b1a788351cdfa
26/06/2023 21:02:04 - root - INFO - Inserted document 6499d29cc64b1a788351cdfb
26/06/2023 21:02:05 - root - INFO - Inserted document 6499d29dc64b1a788351cdfc
26/06/2023 21:02:06 - root - INFO - Inserted document 6499d29ec64b1a788351cdfd
26/06/2023 21:02:07 - root - INFO - Inserted document 6499d29fc64b1a788351cdfe
26/06/2023 21:02:08 - root - INFO - Inserted document 6499d2a0c64b1a788351cdff
26/06/2023 21:02:08 - root - INFO - Inserted document 6499d2a0c64b1a788351ce00
26/06/2023 21:02:09 - root - INFO - Inserted document 6499d2a1c64b1a788351ce01
26/06/2023 21:02:10 - root - INFO - Inserted document 6499d2a2c64b1a788351ce02
26/06/2023 21:02:11 - root - INFO - Inserted document 6499d2a3c64b1a788351ce03
26/06/2023 21:02:12 - root - INFO - Inserted document 6499d2a4c64b1a788351ce04
26/06/2023 21:02:12 - root - INFO - Inserted document 6499d2a4c64b1a788351ce05
26/06/2023 21:02:13 - root - INFO - Inserted document 6499d2a5c64b1a788351ce06
26/06/2023 21:02:14 - root - INFO - Inserted document 6499d2a6c64b1a788351ce07
26/06/2023 21:02:15 - root - INFO - Inserted document 6499d2a7c64b1a788351ce08
26/06/2023 21:02:16 - root - INFO - Inserted document 6499d2a8c64b1a788351ce09
26/06/2023 21:02:17 - root - INFO - Inserted document 6499d2a9c64b1a788351ce0a
26/06/2023 21:02:17 - root - INFO - Inserted document 6499d2a9c64b1a788351ce0b
26/06/2023 21:02:18 - root - INFO - Inserted document 6499d2aac64b1a788351ce0c
26/06/2023 21:02:19 - root - INFO - Inserted document 6499d2abc64b1a788351ce0d
26/06/2023 21:02:19 - root - INFO - Inserted document 6499d2abc64b1a788351ce0e
26/06/2023 21:02:20 - root - INFO - Inserted document 6499d2acc64b1a788351ce0f
26/06/2023 21:02:21 - root - INFO - Inserted document 6499d2adc64b1a788351ce10
26/06/2023 21:02:22 - root - INFO - Inserted document 6499d2aec64b1a788351ce11
26/06/2023 21:02:22 - root - INFO - Inserted document 6499d2aec64b1a788351ce12
26/06/2023 21:02:23 - root - INFO - Inserted document 6499d2afc64b1a788351ce13
26/06/2023 21:02:24 - root - INFO - Inserted document 6499d2b0c64b1a788351ce14
26/06/2023 21:02:25 - root - INFO - Inserted document 6499d2b1c64b1a788351ce15
26/06/2023 21:02:25 - root - INFO - Inserted document 6499d2b1c64b1a788351ce16
26/06/2023 21:02:26 - root - INFO - Inserted document 6499d2b2c64b1a788351ce17
26/06/2023 21:02:27 - root - INFO - Inserted document 6499d2b3c64b1a788351ce18
26/06/2023 21:02:27 - root - INFO - Inserted document 6499d2b3c64b1a788351ce19
26/06/2023 21:02:28 - root - INFO - Inserted document 6499d2b4c64b1a788351ce1a
26/06/2023 21:02:29 - root - INFO - Inserted document 6499d2b5c64b1a788351ce1b
26/06/2023 21:02:30 - root - INFO - Inserted document 6499d2b6c64b1a788351ce1c
26/06/2023 21:02:30 - root - INFO - Inserted document 6499d2b6c64b1a788351ce1d
26/06/2023 21:02:31 - root - INFO - Inserted document 6499d2b7c64b1a788351ce1e
26/06/2023 21:02:32 - root - INFO - Inserted document 6499d2b8c64b1a788351ce1f
26/06/2023 21:02:33 - root - INFO - Inserted document 6499d2b9c64b1a788351ce20
26/06/2023 21:02:33 - root - INFO - Inserted document 6499d2b9c64b1a788351ce21
26/06/2023 21:02:34 - root - INFO - Inserted document 6499d2bac64b1a788351ce22
26/06/2023 21:02:35 - root - INFO - Inserted document 6499d2bbc64b1a788351ce23
26/06/2023 21:02:36 - root - INFO - Inserted document 6499d2bcc64b1a788351ce24
26/06/2023 21:02:36 - root - INFO - Inserted document 6499d2bcc64b1a788351ce25
26/06/2023 21:02:37 - root - INFO - Inserted document 6499d2bdc64b1a788351ce26
26/06/2023 21:02:38 - root - INFO - Inserted document 6499d2bec64b1a788351ce27
26/06/2023 21:02:39 - root - INFO - Inserted document 6499d2bfc64b1a788351ce28
26/06/2023 21:02:39 - root - INFO - Inserted document 6499d2bfc64b1a788351ce29
26/06/2023 21:02:40 - root - INFO - Inserted document 6499d2c0c64b1a788351ce2a
26/06/2023 21:02:41 - root - INFO - Inserted document 6499d2c1c64b1a788351ce2b
26/06/2023 21:02:42 - root - INFO - Inserted document 6499d2c2c64b1a788351ce2c
26/06/2023 21:02:43 - root - INFO - Inserted document 6499d2c3c64b1a788351ce2d
26/06/2023 21:02:44 - root - INFO - Inserted document 6499d2c4c64b1a788351ce2e
26/06/2023 21:02:44 - root - INFO - Inserted document 6499d2c4c64b1a788351ce2f
26/06/2023 21:02:45 - root - INFO - Inserted document 6499d2c5c64b1a788351ce30
26/06/2023 21:02:46 - root - INFO - Inserted document 6499d2c6c64b1a788351ce31
26/06/2023 21:02:47 - root - INFO - Inserted document 6499d2c7c64b1a788351ce32
26/06/2023 21:02:48 - root - INFO - Inserted document 6499d2c8c64b1a788351ce33
26/06/2023 21:02:48 - root - INFO - Inserted document 6499d2c8c64b1a788351ce34
26/06/2023 21:02:49 - root - INFO - Inserted document 6499d2c9c64b1a788351ce35
26/06/2023 21:02:50 - root - INFO - Inserted document 6499d2cac64b1a788351ce36
26/06/2023 21:02:51 - root - INFO - Inserted document 6499d2cbc64b1a788351ce37
26/06/2023 21:02:52 - root - INFO - Inserted document 6499d2ccc64b1a788351ce38
26/06/2023 21:02:53 - root - INFO - Inserted document 6499d2cdc64b1a788351ce39
26/06/2023 21:02:53 - root - INFO - Inserted document 6499d2cdc64b1a788351ce3a
26/06/2023 21:02:54 - root - INFO - Inserted document 6499d2cec64b1a788351ce3b
26/06/2023 21:02:55 - root - INFO - Inserted document 6499d2cfc64b1a788351ce3c
26/06/2023 21:02:56 - root - INFO - Inserted document 6499d2d0c64b1a788351ce3d
26/06/2023 21:02:57 - root - INFO - Inserted document 6499d2d1c64b1a788351ce3e
26/06/2023 21:02:57 - root - INFO - Inserted document 6499d2d1c64b1a788351ce3f
26/06/2023 21:02:58 - root - INFO - Inserted document 6499d2d2c64b1a788351ce40
26/06/2023 21:02:59 - root - INFO - Inserted document 6499d2d3c64b1a788351ce41
26/06/2023 21:03:00 - root - INFO - Inserted document 6499d2d4c64b1a788351ce42
26/06/2023 21:03:01 - root - INFO - Inserted document 6499d2d5c64b1a788351ce43
26/06/2023 21:03:02 - root - INFO - Inserted document 6499d2d6c64b1a788351ce44
26/06/2023 21:03:02 - root - INFO - Inserted document 6499d2d6c64b1a788351ce45
26/06/2023 21:03:03 - root - INFO - Inserted document 6499d2d7c64b1a788351ce46
26/06/2023 21:03:04 - root - INFO - Inserted document 6499d2d8c64b1a788351ce47
26/06/2023 21:03:05 - root - INFO - Inserted document 6499d2d9c64b1a788351ce48
26/06/2023 21:03:06 - root - INFO - Inserted document 6499d2dac64b1a788351ce49
26/06/2023 21:03:06 - root - INFO - Inserted document 6499d2dac64b1a788351ce4a
26/06/2023 21:03:07 - root - INFO - Inserted document 6499d2dbc64b1a788351ce4b
26/06/2023 21:03:08 - root - INFO - Inserted document 6499d2dcc64b1a788351ce4c
26/06/2023 21:03:09 - root - INFO - Inserted document 6499d2ddc64b1a788351ce4d
26/06/2023 21:03:10 - root - INFO - Inserted document 6499d2dec64b1a788351ce4e
26/06/2023 21:03:11 - root - INFO - Inserted document 6499d2dfc64b1a788351ce4f
26/06/2023 21:03:12 - root - INFO - Inserted document 6499d2e0c64b1a788351ce50
26/06/2023 21:03:12 - root - INFO - Inserted document 6499d2e0c64b1a788351ce51
26/06/2023 21:03:13 - root - INFO - Inserted document 6499d2e1c64b1a788351ce52
26/06/2023 21:03:14 - root - INFO - Inserted document 6499d2e2c64b1a788351ce53
26/06/2023 21:03:15 - root - INFO - Inserted document 6499d2e3c64b1a788351ce54
26/06/2023 21:03:16 - root - INFO - Inserted document 6499d2e4c64b1a788351ce55
26/06/2023 21:03:17 - root - INFO - Inserted document 6499d2e5c64b1a788351ce56
26/06/2023 21:03:17 - root - INFO - Inserted document 6499d2e5c64b1a788351ce57
26/06/2023 21:03:18 - root - INFO - Inserted document 6499d2e6c64b1a788351ce58
26/06/2023 21:03:19 - root - INFO - Inserted document 6499d2e7c64b1a788351ce59
26/06/2023 21:03:20 - root - INFO - Inserted document 6499d2e8c64b1a788351ce5a
26/06/2023 21:03:21 - root - INFO - Inserted document 6499d2e9c64b1a788351ce5b
26/06/2023 21:03:22 - root - INFO - Inserted document 6499d2eac64b1a788351ce5c
26/06/2023 21:03:22 - root - INFO - Inserted document 6499d2eac64b1a788351ce5d
26/06/2023 21:03:23 - root - INFO - Inserted document 6499d2ebc64b1a788351ce5e
26/06/2023 21:03:24 - root - INFO - Inserted document 6499d2ecc64b1a788351ce5f
26/06/2023 21:03:25 - root - INFO - Inserted document 6499d2edc64b1a788351ce60
26/06/2023 21:03:26 - root - INFO - Inserted document 6499d2eec64b1a788351ce61
26/06/2023 21:03:27 - root - INFO - Inserted document 6499d2efc64b1a788351ce62
26/06/2023 21:03:27 - root - INFO - Inserted document 6499d2efc64b1a788351ce63
26/06/2023 21:03:28 - root - INFO - Inserted document 6499d2f0c64b1a788351ce64
26/06/2023 21:03:29 - root - INFO - Inserted document 6499d2f1c64b1a788351ce65
26/06/2023 21:03:30 - root - INFO - Inserted document 6499d2f2c64b1a788351ce66
26/06/2023 21:03:31 - root - INFO - Inserted document 6499d2f3c64b1a788351ce67
26/06/2023 21:03:31 - root - INFO - Inserted document 6499d2f3c64b1a788351ce68
26/06/2023 21:03:32 - root - INFO - Inserted document 6499d2f4c64b1a788351ce69
26/06/2023 21:03:33 - root - INFO - Inserted document 6499d2f5c64b1a788351ce6a
26/06/2023 21:03:34 - root - INFO - Inserted document 6499d2f6c64b1a788351ce6b
26/06/2023 21:03:35 - root - INFO - Inserted document 6499d2f7c64b1a788351ce6c
26/06/2023 21:03:36 - root - INFO - Inserted document 6499d2f8c64b1a788351ce6d
26/06/2023 21:03:36 - root - INFO - Inserted document 6499d2f8c64b1a788351ce6e
26/06/2023 21:03:37 - root - INFO - Inserted document 6499d2f9c64b1a788351ce6f
26/06/2023 21:03:38 - root - INFO - Inserted document 6499d2fac64b1a788351ce70
26/06/2023 21:03:39 - root - INFO - Inserted document 6499d2fbc64b1a788351ce71
26/06/2023 21:03:40 - root - INFO - Inserted document 6499d2fcc64b1a788351ce72
26/06/2023 21:03:41 - root - INFO - Inserted document 6499d2fdc64b1a788351ce73
26/06/2023 21:03:41 - root - INFO - Inserted document 6499d2fdc64b1a788351ce74
26/06/2023 21:03:42 - root - INFO - Inserted document 6499d2fec64b1a788351ce75
26/06/2023 21:03:43 - root - INFO - Inserted document 6499d2ffc64b1a788351ce76
26/06/2023 21:03:44 - root - INFO - Inserted document 6499d300c64b1a788351ce77
26/06/2023 21:03:45 - root - INFO - Inserted document 6499d301c64b1a788351ce78
26/06/2023 21:03:46 - root - INFO - Inserted document 6499d302c64b1a788351ce79
26/06/2023 21:03:46 - root - INFO - Inserted document 6499d302c64b1a788351ce7a
26/06/2023 21:03:47 - root - INFO - Inserted document 6499d303c64b1a788351ce7b
26/06/2023 21:03:48 - root - INFO - Inserted document 6499d304c64b1a788351ce7c
26/06/2023 21:03:49 - root - INFO - Inserted document 6499d305c64b1a788351ce7d
26/06/2023 21:03:50 - root - INFO - Inserted document 6499d306c64b1a788351ce7e
26/06/2023 21:03:50 - root - INFO - Inserted document 6499d306c64b1a788351ce7f
26/06/2023 21:03:51 - root - INFO - Inserted document 6499d307c64b1a788351ce80
26/06/2023 21:03:52 - root - INFO - Inserted document 6499d308c64b1a788351ce81
26/06/2023 21:03:53 - root - INFO - Inserted document 6499d309c64b1a788351ce82
26/06/2023 21:03:54 - root - INFO - Inserted document 6499d30ac64b1a788351ce83
26/06/2023 21:03:55 - root - INFO - Inserted document 6499d30bc64b1a788351ce84
26/06/2023 21:03:56 - root - INFO - Inserted document 6499d30cc64b1a788351ce85
26/06/2023 21:03:56 - root - INFO - Inserted document 6499d30cc64b1a788351ce86
26/06/2023 21:03:57 - root - INFO - Inserted document 6499d30dc64b1a788351ce87
26/06/2023 21:03:58 - root - INFO - Inserted document 6499d30ec64b1a788351ce88
26/06/2023 21:03:59 - root - INFO - Inserted document 6499d30fc64b1a788351ce89
26/06/2023 21:04:00 - root - INFO - Inserted document 6499d310c64b1a788351ce8a
26/06/2023 21:04:00 - root - INFO - Inserted document 6499d310c64b1a788351ce8b
26/06/2023 21:04:01 - root - INFO - Inserted document 6499d311c64b1a788351ce8c
26/06/2023 21:04:02 - root - INFO - Inserted document 6499d312c64b1a788351ce8d
26/06/2023 21:04:03 - root - INFO - Inserted document 6499d313c64b1a788351ce8e
26/06/2023 21:04:04 - root - INFO - Inserted document 6499d314c64b1a788351ce8f
26/06/2023 21:04:05 - root - INFO - Inserted document 6499d315c64b1a788351ce90
26/06/2023 21:04:05 - root - INFO - Inserted document 6499d315c64b1a788351ce91
26/06/2023 21:04:06 - root - INFO - Inserted document 6499d316c64b1a788351ce92
26/06/2023 21:04:07 - root - INFO - Inserted document 6499d317c64b1a788351ce93
26/06/2023 21:04:08 - root - INFO - Inserted document 6499d318c64b1a788351ce94
26/06/2023 21:04:09 - root - INFO - Inserted document 6499d319c64b1a788351ce95
26/06/2023 21:04:10 - root - INFO - Inserted document 6499d31ac64b1a788351ce96
26/06/2023 21:04:10 - root - INFO - Inserted document 6499d31ac64b1a788351ce97
26/06/2023 21:04:11 - root - INFO - Inserted document 6499d31bc64b1a788351ce98
26/06/2023 21:04:12 - root - INFO - Inserted document 6499d31cc64b1a788351ce99
26/06/2023 21:04:13 - root - INFO - Inserted document 6499d31dc64b1a788351ce9a
26/06/2023 21:04:14 - root - INFO - Inserted document 6499d31ec64b1a788351ce9b
26/06/2023 21:04:14 - root - INFO - Inserted document 6499d31ec64b1a788351ce9c
26/06/2023 21:04:15 - root - INFO - Inserted document 6499d31fc64b1a788351ce9d
26/06/2023 21:04:16 - root - INFO - Inserted document 6499d320c64b1a788351ce9e
26/06/2023 21:04:17 - root - INFO - Inserted document 6499d321c64b1a788351ce9f
26/06/2023 21:04:18 - root - INFO - Inserted document 6499d322c64b1a788351cea0
26/06/2023 21:04:19 - root - INFO - Inserted document 6499d323c64b1a788351cea1
26/06/2023 21:04:19 - root - INFO - Inserted document 6499d323c64b1a788351cea2
26/06/2023 21:04:20 - root - INFO - Inserted document 6499d324c64b1a788351cea3
26/06/2023 21:04:21 - root - INFO - Inserted document 6499d325c64b1a788351cea4
26/06/2023 21:04:22 - root - INFO - Inserted document 6499d326c64b1a788351cea5
26/06/2023 21:04:23 - root - INFO - Inserted document 6499d327c64b1a788351cea6
26/06/2023 21:04:23 - root - INFO - Inserted document 6499d327c64b1a788351cea7
26/06/2023 21:04:24 - root - INFO - Inserted document 6499d328c64b1a788351cea8
26/06/2023 21:04:25 - root - INFO - Inserted document 6499d329c64b1a788351cea9
26/06/2023 21:04:26 - root - INFO - Inserted document 6499d32ac64b1a788351ceaa
26/06/2023 21:04:27 - root - INFO - Inserted document 6499d32bc64b1a788351ceab
26/06/2023 21:04:28 - root - INFO - Inserted document 6499d32cc64b1a788351ceac
26/06/2023 21:04:28 - root - INFO - Inserted document 6499d32cc64b1a788351cead
26/06/2023 21:04:29 - root - INFO - Inserted document 6499d32dc64b1a788351ceae
26/06/2023 21:04:30 - root - INFO - Inserted document 6499d32ec64b1a788351ceaf
26/06/2023 21:04:31 - root - INFO - Inserted document 6499d32fc64b1a788351ceb0
26/06/2023 21:04:32 - root - INFO - Inserted document 6499d330c64b1a788351ceb1
26/06/2023 21:04:32 - root - INFO - Inserted document 6499d330c64b1a788351ceb2
26/06/2023 21:04:33 - root - INFO - Inserted document 6499d331c64b1a788351ceb3
26/06/2023 21:04:34 - root - INFO - Inserted document 6499d332c64b1a788351ceb4
26/06/2023 21:04:35 - root - INFO - Inserted document 6499d333c64b1a788351ceb5
26/06/2023 21:04:36 - root - INFO - Inserted document 6499d334c64b1a788351ceb6
26/06/2023 21:04:37 - root - INFO - Inserted document 6499d335c64b1a788351ceb7
26/06/2023 21:04:37 - root - INFO - Inserted document 6499d335c64b1a788351ceb8
26/06/2023 21:04:38 - root - INFO - Inserted document 6499d336c64b1a788351ceb9
26/06/2023 21:04:39 - root - INFO - Inserted document 6499d337c64b1a788351ceba
26/06/2023 21:04:40 - root - INFO - Inserted document 6499d338c64b1a788351cebb
26/06/2023 21:04:41 - root - INFO - Inserted document 6499d339c64b1a788351cebc
26/06/2023 21:04:41 - root - INFO - Inserted document 6499d339c64b1a788351cebd
26/06/2023 21:04:42 - root - INFO - Inserted document 6499d33ac64b1a788351cebe
26/06/2023 21:04:43 - root - INFO - Inserted document 6499d33bc64b1a788351cebf
26/06/2023 21:04:44 - root - INFO - Inserted document 6499d33cc64b1a788351cec0
26/06/2023 21:04:45 - root - INFO - Inserted document 6499d33dc64b1a788351cec1
26/06/2023 21:04:46 - root - INFO - Inserted document 6499d33ec64b1a788351cec2
26/06/2023 21:04:46 - root - INFO - Inserted document 6499d33ec64b1a788351cec3
26/06/2023 21:04:47 - root - INFO - Inserted document 6499d33fc64b1a788351cec4
26/06/2023 21:04:48 - root - INFO - Inserted document 6499d340c64b1a788351cec5
26/06/2023 21:04:49 - root - INFO - Inserted document 6499d341c64b1a788351cec6
26/06/2023 21:04:50 - root - INFO - Inserted document 6499d342c64b1a788351cec7
26/06/2023 21:04:51 - root - INFO - Inserted document 6499d343c64b1a788351cec8
26/06/2023 21:04:51 - root - INFO - Inserted document 6499d343c64b1a788351cec9
26/06/2023 21:04:52 - root - INFO - Inserted document 6499d344c64b1a788351ceca
26/06/2023 21:04:53 - root - INFO - Inserted document 6499d345c64b1a788351cecb
26/06/2023 21:04:54 - root - INFO - Inserted document 6499d346c64b1a788351cecc
26/06/2023 21:04:55 - root - INFO - Inserted document 6499d347c64b1a788351cecd
26/06/2023 21:04:55 - root - INFO - Inserted document 6499d347c64b1a788351cece
26/06/2023 21:04:56 - root - INFO - Inserted document 6499d348c64b1a788351cecf
26/06/2023 21:04:57 - root - INFO - Inserted document 6499d349c64b1a788351ced0
26/06/2023 21:04:58 - root - INFO - Inserted document 6499d34ac64b1a788351ced1
26/06/2023 21:04:59 - root - INFO - Inserted document 6499d34bc64b1a788351ced2
26/06/2023 21:04:59 - root - INFO - Inserted document 6499d34bc64b1a788351ced3
26/06/2023 21:05:00 - root - INFO - Inserted document 6499d34cc64b1a788351ced4
26/06/2023 21:05:01 - root - INFO - Inserted document 6499d34dc64b1a788351ced5
26/06/2023 21:05:02 - root - INFO - Inserted document 6499d34ec64b1a788351ced6
26/06/2023 21:05:02 - root - INFO - Inserted document 6499d34ec64b1a788351ced7
26/06/2023 21:05:03 - root - INFO - Inserted document 6499d34fc64b1a788351ced8
26/06/2023 21:05:04 - root - INFO - Inserted document 6499d350c64b1a788351ced9
26/06/2023 21:05:05 - root - INFO - Inserted document 6499d351c64b1a788351ceda
26/06/2023 21:05:06 - root - INFO - Inserted document 6499d352c64b1a788351cedb
26/06/2023 21:05:07 - root - INFO - Inserted document 6499d353c64b1a788351cedc
26/06/2023 21:05:07 - root - INFO - Inserted document 6499d353c64b1a788351cedd
26/06/2023 21:05:08 - root - INFO - Inserted document 6499d354c64b1a788351cede
26/06/2023 21:05:09 - root - INFO - Inserted document 6499d355c64b1a788351cedf
26/06/2023 21:05:10 - root - INFO - Inserted document 6499d356c64b1a788351cee0
26/06/2023 21:05:11 - root - INFO - Inserted document 6499d357c64b1a788351cee1
26/06/2023 21:05:11 - root - INFO - Inserted document 6499d357c64b1a788351cee2
26/06/2023 21:05:12 - root - INFO - Inserted document 6499d358c64b1a788351cee3
26/06/2023 21:05:13 - root - INFO - Inserted document 6499d359c64b1a788351cee4
26/06/2023 21:05:14 - root - INFO - Inserted document 6499d35ac64b1a788351cee5
26/06/2023 21:05:15 - root - INFO - Inserted document 6499d35bc64b1a788351cee6
26/06/2023 21:05:15 - root - INFO - Inserted document 6499d35bc64b1a788351cee7
26/06/2023 21:05:16 - root - INFO - Inserted document 6499d35cc64b1a788351cee8
26/06/2023 21:05:17 - root - INFO - Inserted document 6499d35dc64b1a788351cee9
26/06/2023 21:05:18 - root - INFO - Inserted document 6499d35ec64b1a788351ceea
26/06/2023 21:05:18 - root - INFO - Inserted document 6499d35ec64b1a788351ceeb
26/06/2023 21:05:19 - root - INFO - Inserted document 6499d35fc64b1a788351ceec
26/06/2023 21:05:20 - root - INFO - Inserted document 6499d360c64b1a788351ceed
26/06/2023 21:05:21 - root - INFO - Inserted document 6499d361c64b1a788351ceee
26/06/2023 21:05:21 - root - INFO - Inserted document 6499d361c64b1a788351ceef
26/06/2023 21:05:22 - root - INFO - Inserted document 6499d362c64b1a788351cef0
26/06/2023 21:05:23 - root - INFO - Inserted document 6499d363c64b1a788351cef1
26/06/2023 21:05:24 - root - INFO - Inserted document 6499d364c64b1a788351cef2
26/06/2023 21:05:25 - root - INFO - Inserted document 6499d365c64b1a788351cef3
26/06/2023 21:05:26 - root - INFO - Inserted document 6499d366c64b1a788351cef4
26/06/2023 21:05:26 - root - INFO - Inserted document 6499d366c64b1a788351cef5
26/06/2023 21:05:27 - root - INFO - Inserted document 6499d367c64b1a788351cef6
26/06/2023 21:05:28 - root - INFO - Inserted document 6499d368c64b1a788351cef7
26/06/2023 21:05:29 - root - INFO - Inserted document 6499d369c64b1a788351cef8
26/06/2023 21:05:30 - root - INFO - Inserted document 6499d36ac64b1a788351cef9
26/06/2023 21:05:30 - root - INFO - Inserted document 6499d36ac64b1a788351cefa
26/06/2023 21:05:31 - root - INFO - Inserted document 6499d36bc64b1a788351cefb
26/06/2023 21:05:32 - root - INFO - Inserted document 6499d36cc64b1a788351cefc
26/06/2023 21:05:33 - root - INFO - Inserted document 6499d36dc64b1a788351cefd
26/06/2023 21:05:34 - root - INFO - Inserted document 6499d36ec64b1a788351cefe
26/06/2023 21:05:35 - root - INFO - Inserted document 6499d36fc64b1a788351ceff
26/06/2023 21:05:35 - root - INFO - Inserted document 6499d36fc64b1a788351cf00
26/06/2023 21:05:36 - root - INFO - Inserted document 6499d370c64b1a788351cf01
26/06/2023 21:05:37 - root - INFO - Inserted document 6499d371c64b1a788351cf02
26/06/2023 21:05:38 - root - INFO - Inserted document 6499d372c64b1a788351cf03
26/06/2023 21:05:39 - root - INFO - Inserted document 6499d373c64b1a788351cf04
26/06/2023 21:05:40 - root - INFO - Inserted document 6499d374c64b1a788351cf05
26/06/2023 21:05:40 - root - INFO - Inserted document 6499d374c64b1a788351cf06
26/06/2023 21:05:41 - root - INFO - Inserted document 6499d375c64b1a788351cf07
26/06/2023 21:05:42 - root - INFO - Inserted document 6499d376c64b1a788351cf08
26/06/2023 21:05:43 - root - INFO - Inserted document 6499d377c64b1a788351cf09
26/06/2023 21:05:44 - root - INFO - Inserted document 6499d378c64b1a788351cf0a
26/06/2023 21:05:44 - root - INFO - Inserted document 6499d378c64b1a788351cf0b
26/06/2023 21:05:45 - root - INFO - Inserted document 6499d379c64b1a788351cf0c
26/06/2023 21:05:46 - root - INFO - Inserted document 6499d37ac64b1a788351cf0d
26/06/2023 21:05:47 - root - INFO - Inserted document 6499d37bc64b1a788351cf0e
26/06/2023 21:05:48 - root - INFO - Inserted document 6499d37cc64b1a788351cf0f
26/06/2023 21:05:49 - root - INFO - Inserted document 6499d37dc64b1a788351cf10
26/06/2023 21:05:49 - root - INFO - Inserted document 6499d37dc64b1a788351cf11
26/06/2023 21:05:50 - root - INFO - Inserted document 6499d37ec64b1a788351cf12
26/06/2023 21:05:51 - root - INFO - Inserted document 6499d37fc64b1a788351cf13
26/06/2023 21:05:52 - root - INFO - Inserted document 6499d380c64b1a788351cf14
26/06/2023 21:05:53 - root - INFO - Inserted document 6499d381c64b1a788351cf15
26/06/2023 21:05:53 - root - INFO - Inserted document 6499d381c64b1a788351cf16
26/06/2023 21:05:54 - root - INFO - Inserted document 6499d382c64b1a788351cf17
26/06/2023 21:05:55 - root - INFO - Inserted document 6499d383c64b1a788351cf18
26/06/2023 21:05:56 - root - INFO - Inserted document 6499d384c64b1a788351cf19
26/06/2023 21:05:57 - root - INFO - Inserted document 6499d385c64b1a788351cf1a
26/06/2023 21:05:58 - root - INFO - Inserted document 6499d386c64b1a788351cf1b
26/06/2023 21:05:58 - root - INFO - Inserted document 6499d386c64b1a788351cf1c
26/06/2023 21:05:59 - root - INFO - Inserted document 6499d387c64b1a788351cf1d
26/06/2023 21:06:00 - root - INFO - Inserted document 6499d388c64b1a788351cf1e
26/06/2023 21:06:01 - root - INFO - Inserted document 6499d389c64b1a788351cf1f
26/06/2023 21:06:02 - root - INFO - Inserted document 6499d38ac64b1a788351cf20
26/06/2023 21:06:02 - root - INFO - Inserted document 6499d38ac64b1a788351cf21
26/06/2023 21:06:03 - root - INFO - Inserted document 6499d38bc64b1a788351cf22
26/06/2023 21:06:04 - root - INFO - Inserted document 6499d38cc64b1a788351cf23
26/06/2023 21:06:05 - root - INFO - Inserted document 6499d38dc64b1a788351cf24
26/06/2023 21:06:06 - root - INFO - Inserted document 6499d38ec64b1a788351cf25
26/06/2023 21:06:07 - root - INFO - Inserted document 6499d38fc64b1a788351cf26
26/06/2023 21:06:07 - root - INFO - Inserted document 6499d38fc64b1a788351cf27
26/06/2023 21:06:08 - root - INFO - Inserted document 6499d390c64b1a788351cf28
26/06/2023 21:06:09 - root - INFO - Inserted document 6499d391c64b1a788351cf29
26/06/2023 21:06:10 - root - INFO - Inserted document 6499d392c64b1a788351cf2a
26/06/2023 21:06:11 - root - INFO - Inserted document 6499d393c64b1a788351cf2b
26/06/2023 21:06:12 - root - INFO - Inserted document 6499d394c64b1a788351cf2c
26/06/2023 21:06:12 - root - INFO - Inserted document 6499d394c64b1a788351cf2d
26/06/2023 21:06:13 - root - INFO - Inserted document 6499d395c64b1a788351cf2e
26/06/2023 21:06:14 - root - INFO - Inserted document 6499d396c64b1a788351cf2f
26/06/2023 21:06:15 - root - INFO - Inserted document 6499d397c64b1a788351cf30
26/06/2023 21:06:16 - root - INFO - Inserted document 6499d398c64b1a788351cf31
26/06/2023 21:06:16 - root - INFO - Inserted document 6499d398c64b1a788351cf32
26/06/2023 21:06:17 - root - INFO - Inserted document 6499d399c64b1a788351cf33
26/06/2023 21:06:18 - root - INFO - Inserted document 6499d39ac64b1a788351cf34
26/06/2023 21:06:19 - root - INFO - Inserted document 6499d39bc64b1a788351cf35
26/06/2023 21:06:20 - root - INFO - Inserted document 6499d39cc64b1a788351cf36
26/06/2023 21:06:21 - root - INFO - Inserted document 6499d39dc64b1a788351cf37
26/06/2023 21:06:21 - root - INFO - Inserted document 6499d39dc64b1a788351cf38
26/06/2023 21:06:22 - root - INFO - Inserted document 6499d39ec64b1a788351cf39
26/06/2023 21:06:23 - root - INFO - Inserted document 6499d39fc64b1a788351cf3a
26/06/2023 21:06:24 - root - INFO - Inserted document 6499d3a0c64b1a788351cf3b
26/06/2023 21:06:25 - root - INFO - Inserted document 6499d3a1c64b1a788351cf3c
26/06/2023 21:06:26 - root - INFO - Inserted document 6499d3a2c64b1a788351cf3d
26/06/2023 21:06:26 - root - INFO - Inserted document 6499d3a2c64b1a788351cf3e
26/06/2023 21:06:27 - root - INFO - Inserted document 6499d3a3c64b1a788351cf3f
26/06/2023 21:06:28 - root - INFO - Inserted document 6499d3a4c64b1a788351cf40
26/06/2023 21:06:29 - root - INFO - Inserted document 6499d3a5c64b1a788351cf41
26/06/2023 21:06:29 - root - INFO - Inserted document 6499d3a5c64b1a788351cf42
26/06/2023 21:06:30 - root - INFO - Inserted document 6499d3a6c64b1a788351cf43
26/06/2023 21:06:31 - root - INFO - Inserted document 6499d3a7c64b1a788351cf44
26/06/2023 21:06:32 - root - INFO - Inserted document 6499d3a8c64b1a788351cf45
26/06/2023 21:06:32 - root - INFO - Inserted document 6499d3a8c64b1a788351cf46
26/06/2023 21:06:33 - root - INFO - Inserted document 6499d3a9c64b1a788351cf47
26/06/2023 21:06:34 - root - INFO - Inserted document 6499d3aac64b1a788351cf48
26/06/2023 21:06:35 - root - INFO - Inserted document 6499d3abc64b1a788351cf49
26/06/2023 21:06:35 - root - INFO - Inserted document 6499d3abc64b1a788351cf4a
26/06/2023 21:06:36 - root - INFO - Inserted document 6499d3acc64b1a788351cf4b
26/06/2023 21:06:37 - root - INFO - Inserted document 6499d3adc64b1a788351cf4c
26/06/2023 21:06:38 - root - INFO - Inserted document 6499d3aec64b1a788351cf4d
26/06/2023 21:06:39 - root - INFO - Inserted document 6499d3afc64b1a788351cf4e
26/06/2023 21:06:39 - root - INFO - Inserted document 6499d3afc64b1a788351cf4f
26/06/2023 21:06:40 - root - INFO - Inserted document 6499d3b0c64b1a788351cf50
26/06/2023 21:06:41 - root - INFO - Inserted document 6499d3b1c64b1a788351cf51
26/06/2023 21:06:42 - root - INFO - Inserted document 6499d3b2c64b1a788351cf52
26/06/2023 21:06:43 - root - INFO - Inserted document 6499d3b3c64b1a788351cf53
26/06/2023 21:06:44 - root - INFO - Inserted document 6499d3b4c64b1a788351cf54
26/06/2023 21:06:44 - root - INFO - Inserted document 6499d3b4c64b1a788351cf55
26/06/2023 21:06:45 - root - INFO - Inserted document 6499d3b5c64b1a788351cf56
26/06/2023 21:06:46 - root - INFO - Inserted document 6499d3b6c64b1a788351cf57
26/06/2023 21:06:47 - root - INFO - Inserted document 6499d3b7c64b1a788351cf58
26/06/2023 21:06:48 - root - INFO - Inserted document 6499d3b8c64b1a788351cf59
26/06/2023 21:06:49 - root - INFO - Inserted document 6499d3b9c64b1a788351cf5a
26/06/2023 21:06:49 - root - INFO - Inserted document 6499d3b9c64b1a788351cf5b
26/06/2023 21:06:50 - root - INFO - Inserted document 6499d3bac64b1a788351cf5c
26/06/2023 21:06:51 - root - INFO - Inserted document 6499d3bbc64b1a788351cf5d
26/06/2023 21:06:52 - root - INFO - Inserted document 6499d3bcc64b1a788351cf5e
26/06/2023 21:06:53 - root - INFO - Inserted document 6499d3bdc64b1a788351cf5f
26/06/2023 21:06:53 - root - INFO - Inserted document 6499d3bdc64b1a788351cf60
26/06/2023 21:06:54 - root - INFO - Inserted document 6499d3bec64b1a788351cf61
26/06/2023 21:06:55 - root - INFO - Inserted document 6499d3bfc64b1a788351cf62
26/06/2023 21:06:56 - root - INFO - Inserted document 6499d3c0c64b1a788351cf63
26/06/2023 21:06:57 - root - INFO - Inserted document 6499d3c1c64b1a788351cf64
26/06/2023 21:06:58 - root - INFO - Inserted document 6499d3c2c64b1a788351cf65
26/06/2023 21:06:58 - root - INFO - Inserted document 6499d3c2c64b1a788351cf66
26/06/2023 21:06:59 - root - INFO - Inserted document 6499d3c3c64b1a788351cf67
26/06/2023 21:07:00 - root - INFO - Inserted document 6499d3c4c64b1a788351cf68
26/06/2023 21:07:01 - root - INFO - Inserted document 6499d3c5c64b1a788351cf69
26/06/2023 21:07:02 - root - INFO - Inserted document 6499d3c6c64b1a788351cf6a
26/06/2023 21:07:03 - root - INFO - Inserted document 6499d3c7c64b1a788351cf6b
26/06/2023 21:07:03 - root - INFO - Inserted document 6499d3c7c64b1a788351cf6c
26/06/2023 21:07:04 - root - INFO - Inserted document 6499d3c8c64b1a788351cf6d
26/06/2023 21:07:05 - root - INFO - Inserted document 6499d3c9c64b1a788351cf6e
26/06/2023 21:07:06 - root - INFO - Inserted document 6499d3cac64b1a788351cf6f
26/06/2023 21:07:07 - root - INFO - Inserted document 6499d3cbc64b1a788351cf70
26/06/2023 21:07:07 - root - INFO - Inserted document 6499d3cbc64b1a788351cf71
26/06/2023 21:07:08 - root - INFO - Inserted document 6499d3ccc64b1a788351cf72
26/06/2023 21:07:09 - root - INFO - Inserted document 6499d3cdc64b1a788351cf73
26/06/2023 21:07:10 - root - INFO - Inserted document 6499d3cec64b1a788351cf74
26/06/2023 21:07:11 - root - INFO - Inserted document 6499d3cfc64b1a788351cf75
26/06/2023 21:07:12 - root - INFO - Inserted document 6499d3d0c64b1a788351cf76
26/06/2023 21:07:12 - root - INFO - Inserted document 6499d3d0c64b1a788351cf77
26/06/2023 21:07:13 - root - INFO - Inserted document 6499d3d1c64b1a788351cf78
26/06/2023 21:07:14 - root - INFO - Inserted document 6499d3d2c64b1a788351cf79
26/06/2023 21:07:15 - root - INFO - Inserted document 6499d3d3c64b1a788351cf7a
26/06/2023 21:07:16 - root - INFO - Inserted document 6499d3d4c64b1a788351cf7b
26/06/2023 21:07:16 - root - INFO - Inserted document 6499d3d4c64b1a788351cf7c
26/06/2023 21:07:17 - root - INFO - Inserted document 6499d3d5c64b1a788351cf7d
26/06/2023 21:07:18 - root - INFO - Inserted document 6499d3d6c64b1a788351cf7e
26/06/2023 21:07:19 - root - INFO - Inserted document 6499d3d7c64b1a788351cf7f
26/06/2023 21:07:20 - root - INFO - Inserted document 6499d3d8c64b1a788351cf80
26/06/2023 21:07:21 - root - INFO - Inserted document 6499d3d9c64b1a788351cf81
26/06/2023 21:07:21 - root - INFO - Inserted document 6499d3d9c64b1a788351cf82
26/06/2023 21:07:22 - root - INFO - Inserted document 6499d3dac64b1a788351cf83
26/06/2023 21:07:23 - root - INFO - Inserted document 6499d3dbc64b1a788351cf84
26/06/2023 21:07:24 - root - INFO - Inserted document 6499d3dcc64b1a788351cf85
26/06/2023 21:07:25 - root - INFO - Inserted document 6499d3ddc64b1a788351cf86
26/06/2023 21:07:25 - root - INFO - Inserted document 6499d3ddc64b1a788351cf87
26/06/2023 21:07:26 - root - INFO - Inserted document 6499d3dec64b1a788351cf88
26/06/2023 21:07:27 - root - INFO - Inserted document 6499d3dfc64b1a788351cf89
26/06/2023 21:07:28 - root - INFO - Inserted document 6499d3e0c64b1a788351cf8a
26/06/2023 21:07:29 - root - INFO - Inserted document 6499d3e1c64b1a788351cf8b
26/06/2023 21:07:30 - root - INFO - Inserted document 6499d3e2c64b1a788351cf8c
26/06/2023 21:07:30 - root - INFO - Inserted document 6499d3e2c64b1a788351cf8d
26/06/2023 21:07:31 - root - INFO - Inserted document 6499d3e3c64b1a788351cf8e
